2015/05/08 21:27:24 INFO  - jmeter.util.JMeterUtils: Setting Locale to en_GB 
2015/05/08 21:27:25 INFO  - jmeter.JMeter: Loading user properties from: /opt/jmeter/apache-jmeter-2.13/bin/user.properties 
2015/05/08 21:27:25 INFO  - jmeter.JMeter: Loading system properties from: /opt/jmeter/apache-jmeter-2.13/bin/system.properties 
2015/05/08 21:27:25 INFO  - jmeter.JMeter: Copyright (c) 1998-2015 The Apache Software Foundation 
2015/05/08 21:27:25 INFO  - jmeter.JMeter: Version 2.13 r1665067 
2015/05/08 21:27:25 INFO  - jmeter.JMeter: java.version=1.8.0_40 
2015/05/08 21:27:25 INFO  - jmeter.JMeter: java.vm.name=Java HotSpot(TM) 64-Bit Server VM 
2015/05/08 21:27:25 INFO  - jmeter.JMeter: os.name=Linux 
2015/05/08 21:27:25 INFO  - jmeter.JMeter: os.arch=amd64 
2015/05/08 21:27:25 INFO  - jmeter.JMeter: os.version=3.19.5-200.fc21.x86_64 
2015/05/08 21:27:25 INFO  - jmeter.JMeter: file.encoding=UTF-8 
2015/05/08 21:27:25 INFO  - jmeter.JMeter: Default Locale=English (United Kingdom) 
2015/05/08 21:27:25 INFO  - jmeter.JMeter: JMeter  Locale=English (United Kingdom) 
2015/05/08 21:27:25 INFO  - jmeter.JMeter: JMeterHome=/opt/jmeter/apache-jmeter-2.13 
2015/05/08 21:27:25 INFO  - jmeter.JMeter: user.dir  =/home/mnuman/Work/SimpleService 
2015/05/08 21:27:25 INFO  - jmeter.JMeter: PWD       =/home/mnuman/Work/SimpleService 
2015/05/08 21:27:25 INFO  - jmeter.JMeter: IP: 192.168.178.24 Name: mnuman-localdomain FullName: mnuman-localdomain 
2015/05/08 21:27:26 INFO  - jmeter.gui.action.LookAndFeelCommand: Using look and feel: javax.swing.plaf.metal.MetalLookAndFeel [Metal, CrossPlatform] 
2015/05/08 21:27:26 INFO  - jmeter.JMeter: Loaded icon properties from org/apache/jmeter/images/icon.properties 
2015/05/08 21:27:27 INFO  - jmeter.engine.util.CompoundVariable: Note: Function class names must contain the string: '.functions.' 
2015/05/08 21:27:27 INFO  - jmeter.engine.util.CompoundVariable: Note: Function class names must not contain the string: '.gui.' 
2015/05/08 21:27:30 INFO  - jmeter.util.BSFTestElement: Registering JMeter version of JavaScript engine as work-round for BSF-22 
2015/05/08 21:27:30 INFO  - jmeter.protocol.http.sampler.HTTPSamplerBase: Cannot find .className property for htmlParser, using default 
2015/05/08 21:27:30 INFO  - jmeter.protocol.http.sampler.HTTPSamplerBase: Parser for text/html is  
2015/05/08 21:27:30 INFO  - jmeter.protocol.http.sampler.HTTPSamplerBase: Parser for application/xhtml+xml is  
2015/05/08 21:27:30 INFO  - jmeter.protocol.http.sampler.HTTPSamplerBase: Parser for application/xml is  
2015/05/08 21:27:30 INFO  - jmeter.protocol.http.sampler.HTTPSamplerBase: Parser for text/xml is  
2015/05/08 21:27:30 INFO  - jmeter.protocol.http.sampler.HTTPSamplerBase: Parser for text/vnd.wap.wml is org.apache.jmeter.protocol.http.parser.RegexpHTMLParser 
2015/05/08 21:27:30 INFO  - jmeter.gui.util.MenuFactory: Skipping org.apache.jmeter.protocol.http.control.gui.WebServiceSamplerGui 
2015/05/08 21:27:30 INFO  - jmeter.gui.util.MenuFactory: Skipping org.apache.jmeter.protocol.http.modifier.gui.ParamModifierGui 
2015/05/08 21:27:31 INFO  - jorphan.exec.KeyToolUtils: keytool found at '/usr/java/jdk1.8.0_40/jre/bin/keytool' 
2015/05/08 21:27:31 INFO  - jmeter.protocol.http.proxy.ProxyControl: HTTP(S) Test Script Recorder SSL Proxy will use keys that support embedded 3rd party resources in file /opt/jmeter/apache-jmeter-2.13/bin/proxyserver.jks 
2015/05/08 21:27:31 INFO  - jmeter.samplers.SampleResult: Note: Sample TimeStamps are START times 
2015/05/08 21:27:31 INFO  - jmeter.samplers.SampleResult: sampleresult.default.encoding is set to ISO-8859-1 
2015/05/08 21:27:31 INFO  - jmeter.samplers.SampleResult: sampleresult.useNanoTime=true 
2015/05/08 21:27:31 INFO  - jmeter.samplers.SampleResult: sampleresult.nanoThreadSleep=5000 
2015/05/08 21:28:20 INFO  - jmeter.gui.action.template.TemplateManager: Reading templates from:/opt/jmeter/apache-jmeter-2.13/bin/templates/templates.xml 
2015/05/08 21:28:28 INFO  - jmeter.gui.action.Load: Loading file: /opt/jmeter/apache-jmeter-2.13/bin/templates/build-webservice-test-plan.jmx 
2015/05/08 21:28:28 INFO  - jmeter.save.SaveService: Testplan (JMX) version: 2.2. Testlog (JTL) version: 2.2 
2015/05/08 21:28:28 INFO  - jmeter.save.SaveService: Using SaveService properties file encoding UTF-8 
2015/05/08 21:28:28 INFO  - jmeter.save.SaveService: Using SaveService properties file version 1656252 
2015/05/08 21:28:28 INFO  - jmeter.save.SaveService: Using SaveService properties version 2.8 
2015/05/08 21:28:28 INFO  - jmeter.save.SaveService: All converter versions present and correct 
2015/05/08 21:28:28 INFO  - jmeter.save.SaveService: Loading file: /opt/jmeter/apache-jmeter-2.13/bin/templates/build-webservice-test-plan.jmx 
2015/05/08 21:34:22 INFO  - jmeter.services.FileServer: Default base='/home/mnuman/Work/SimpleService' 
2015/05/08 21:34:22 INFO  - jmeter.services.FileServer: Set new base='/home/mnuman/Work/SimpleService' 
2015/05/08 21:34:22 INFO  - jmeter.engine.StandardJMeterEngine: Listeners will be started after enabling running version 
2015/05/08 21:34:22 INFO  - jmeter.engine.StandardJMeterEngine: To revert to the earlier behaviour, define jmeterengine.startlistenerslater=false 
2015/05/08 21:34:22 INFO  - jmeter.engine.StandardJMeterEngine: Running the test! 
2015/05/08 21:34:22 INFO  - jmeter.samplers.SampleEvent: List of sample_variables: [] 
2015/05/08 21:34:22 INFO  - jmeter.samplers.SampleEvent: List of sample_variables: [] 
2015/05/08 21:34:22 INFO  - jmeter.gui.util.JMeterMenuBar: setRunning(true,*local*) 
2015/05/08 21:34:23 INFO  - jmeter.engine.StandardJMeterEngine: Starting ThreadGroup: 1 : Number of Users 
2015/05/08 21:34:23 INFO  - jmeter.engine.StandardJMeterEngine: Starting 5 threads for group Number of Users. 
2015/05/08 21:34:23 INFO  - jmeter.engine.StandardJMeterEngine: Thread will continue on error 
2015/05/08 21:34:23 INFO  - jmeter.threads.ThreadGroup: Starting thread group number 1 threads 5 ramp-up 5 perThread 1000.0 delayedStart=false 
2015/05/08 21:34:23 INFO  - jmeter.threads.JMeterThread: jmeterthread.startearlier=true (see jmeter.properties) 
2015/05/08 21:34:23 INFO  - jmeter.threads.JMeterThread: Running PostProcessors in forward order 
2015/05/08 21:34:23 INFO  - jmeter.threads.ThreadGroup: Started thread group number 1 
2015/05/08 21:34:23 INFO  - jmeter.engine.StandardJMeterEngine: All thread groups have been started 
2015/05/08 21:34:23 INFO  - jmeter.threads.JMeterThread: Thread started: Number of Users 1-1 
2015/05/08 21:34:23 INFO  - jmeter.protocol.http.sampler.HTTPHCAbstractImpl: Local host = mnuman-localdomain 
2015/05/08 21:34:23 INFO  - jmeter.protocol.http.sampler.HTTPHC4Impl: HTTP request retry count = 0 
2015/05/08 21:34:23 INFO  - jmeter.protocol.http.sampler.HTTPHC4Impl: Setting up HTTPS TrustAll scheme 
2015/05/08 21:34:23 INFO  - jmeter.util.JsseSSLManager: Using default SSL protocol: TLS 
2015/05/08 21:34:23 INFO  - jmeter.util.JsseSSLManager: SSL session context: per-thread 
2015/05/08 21:34:23 INFO  - jmeter.threads.JMeterThread: Thread is done: Number of Users 1-1 
2015/05/08 21:34:23 INFO  - jmeter.threads.JMeterThread: Thread finished: Number of Users 1-1 
2015/05/08 21:34:24 INFO  - jmeter.threads.JMeterThread: Thread started: Number of Users 1-2 
2015/05/08 21:34:24 INFO  - jmeter.threads.JMeterThread: Thread is done: Number of Users 1-2 
2015/05/08 21:34:24 INFO  - jmeter.threads.JMeterThread: Thread finished: Number of Users 1-2 
2015/05/08 21:34:25 INFO  - jmeter.threads.JMeterThread: Thread started: Number of Users 1-3 
2015/05/08 21:34:25 INFO  - jmeter.threads.JMeterThread: Thread is done: Number of Users 1-3 
2015/05/08 21:34:25 INFO  - jmeter.threads.JMeterThread: Thread finished: Number of Users 1-3 
2015/05/08 21:34:26 INFO  - jmeter.threads.JMeterThread: Thread started: Number of Users 1-4 
2015/05/08 21:34:26 INFO  - jmeter.threads.JMeterThread: Thread is done: Number of Users 1-4 
2015/05/08 21:34:26 INFO  - jmeter.threads.JMeterThread: Thread finished: Number of Users 1-4 
2015/05/08 21:34:27 INFO  - jmeter.threads.JMeterThread: Thread started: Number of Users 1-5 
2015/05/08 21:34:27 INFO  - jmeter.threads.JMeterThread: Thread is done: Number of Users 1-5 
2015/05/08 21:34:27 INFO  - jmeter.threads.JMeterThread: Thread finished: Number of Users 1-5 
2015/05/08 21:34:27 INFO  - jmeter.engine.StandardJMeterEngine: Notifying test listeners of end of test 
2015/05/08 21:34:27 INFO  - jmeter.gui.util.JMeterMenuBar: setRunning(false,*local*) 
2015/05/08 21:36:30 INFO  - jmeter.engine.StandardJMeterEngine: Running the test! 
2015/05/08 21:36:30 INFO  - jmeter.samplers.SampleEvent: List of sample_variables: [] 
2015/05/08 21:36:30 INFO  - jmeter.gui.util.JMeterMenuBar: setRunning(true,*local*) 
2015/05/08 21:36:30 INFO  - jmeter.engine.StandardJMeterEngine: Starting ThreadGroup: 1 : Number of Users 
2015/05/08 21:36:30 INFO  - jmeter.engine.StandardJMeterEngine: Starting 5 threads for group Number of Users. 
2015/05/08 21:36:30 INFO  - jmeter.engine.StandardJMeterEngine: Thread will continue on error 
2015/05/08 21:36:30 INFO  - jmeter.threads.ThreadGroup: Starting thread group number 1 threads 5 ramp-up 5 perThread 1000.0 delayedStart=false 
2015/05/08 21:36:30 INFO  - jmeter.threads.JMeterThread: Thread started: Number of Users 1-1 
2015/05/08 21:36:30 INFO  - jmeter.threads.ThreadGroup: Started thread group number 1 
2015/05/08 21:36:30 INFO  - jmeter.engine.StandardJMeterEngine: All thread groups have been started 
2015/05/08 21:36:30 INFO  - jmeter.threads.JMeterThread: Thread is done: Number of Users 1-1 
2015/05/08 21:36:30 INFO  - jmeter.threads.JMeterThread: Thread finished: Number of Users 1-1 
2015/05/08 21:36:31 INFO  - jmeter.threads.JMeterThread: Thread started: Number of Users 1-2 
2015/05/08 21:36:31 INFO  - jmeter.threads.JMeterThread: Thread is done: Number of Users 1-2 
2015/05/08 21:36:31 INFO  - jmeter.threads.JMeterThread: Thread finished: Number of Users 1-2 
2015/05/08 21:36:32 INFO  - jmeter.threads.JMeterThread: Thread started: Number of Users 1-3 
2015/05/08 21:36:32 INFO  - jmeter.threads.JMeterThread: Thread is done: Number of Users 1-3 
2015/05/08 21:36:32 INFO  - jmeter.threads.JMeterThread: Thread finished: Number of Users 1-3 
2015/05/08 21:36:33 INFO  - jmeter.threads.JMeterThread: Thread started: Number of Users 1-4 
2015/05/08 21:36:33 INFO  - jmeter.threads.JMeterThread: Thread is done: Number of Users 1-4 
2015/05/08 21:36:33 INFO  - jmeter.threads.JMeterThread: Thread finished: Number of Users 1-4 
2015/05/08 21:36:34 INFO  - jmeter.threads.JMeterThread: Thread started: Number of Users 1-5 
2015/05/08 21:36:34 INFO  - jmeter.threads.JMeterThread: Thread is done: Number of Users 1-5 
2015/05/08 21:36:34 INFO  - jmeter.threads.JMeterThread: Thread finished: Number of Users 1-5 
2015/05/08 21:36:34 INFO  - jmeter.engine.StandardJMeterEngine: Notifying test listeners of end of test 
2015/05/08 21:36:34 INFO  - jmeter.gui.util.JMeterMenuBar: setRunning(false,*local*) 
2015/05/08 21:37:01 INFO  - jmeter.engine.StandardJMeterEngine: Running the test! 
2015/05/08 21:37:01 INFO  - jmeter.samplers.SampleEvent: List of sample_variables: [] 
2015/05/08 21:37:01 INFO  - jmeter.gui.util.JMeterMenuBar: setRunning(true,*local*) 
2015/05/08 21:37:01 INFO  - jmeter.engine.StandardJMeterEngine: Starting ThreadGroup: 1 : Number of Users 
2015/05/08 21:37:01 INFO  - jmeter.engine.StandardJMeterEngine: Starting 5 threads for group Number of Users. 
2015/05/08 21:37:01 INFO  - jmeter.engine.StandardJMeterEngine: Thread will continue on error 
2015/05/08 21:37:01 INFO  - jmeter.threads.ThreadGroup: Starting thread group number 1 threads 5 ramp-up 5 perThread 1000.0 delayedStart=false 
2015/05/08 21:37:01 INFO  - jmeter.threads.JMeterThread: Thread started: Number of Users 1-1 
2015/05/08 21:37:01 INFO  - jmeter.threads.ThreadGroup: Started thread group number 1 
2015/05/08 21:37:01 INFO  - jmeter.engine.StandardJMeterEngine: All thread groups have been started 
2015/05/08 21:37:01 INFO  - jmeter.threads.JMeterThread: Thread is done: Number of Users 1-1 
2015/05/08 21:37:01 INFO  - jmeter.threads.JMeterThread: Thread finished: Number of Users 1-1 
2015/05/08 21:37:02 INFO  - jmeter.threads.JMeterThread: Thread started: Number of Users 1-2 
2015/05/08 21:37:02 INFO  - jmeter.threads.JMeterThread: Thread is done: Number of Users 1-2 
2015/05/08 21:37:02 INFO  - jmeter.threads.JMeterThread: Thread finished: Number of Users 1-2 
2015/05/08 21:37:03 INFO  - jmeter.threads.JMeterThread: Thread started: Number of Users 1-3 
2015/05/08 21:37:03 INFO  - jmeter.threads.JMeterThread: Thread is done: Number of Users 1-3 
2015/05/08 21:37:03 INFO  - jmeter.threads.JMeterThread: Thread finished: Number of Users 1-3 
2015/05/08 21:37:04 INFO  - jmeter.threads.JMeterThread: Thread started: Number of Users 1-4 
2015/05/08 21:37:04 INFO  - jmeter.threads.JMeterThread: Thread is done: Number of Users 1-4 
2015/05/08 21:37:04 INFO  - jmeter.threads.JMeterThread: Thread finished: Number of Users 1-4 
2015/05/08 21:37:05 INFO  - jmeter.threads.JMeterThread: Thread started: Number of Users 1-5 
2015/05/08 21:37:05 INFO  - jmeter.threads.JMeterThread: Thread is done: Number of Users 1-5 
2015/05/08 21:37:05 INFO  - jmeter.threads.JMeterThread: Thread finished: Number of Users 1-5 
2015/05/08 21:37:05 INFO  - jmeter.engine.StandardJMeterEngine: Notifying test listeners of end of test 
2015/05/08 21:37:05 INFO  - jmeter.gui.util.JMeterMenuBar: setRunning(false,*local*) 
2015/05/08 21:40:04 INFO  - jmeter.engine.StandardJMeterEngine: Running the test! 
2015/05/08 21:40:04 INFO  - jmeter.samplers.SampleEvent: List of sample_variables: [] 
2015/05/08 21:40:05 INFO  - jmeter.gui.util.JMeterMenuBar: setRunning(true,*local*) 
2015/05/08 21:40:05 INFO  - jmeter.engine.StandardJMeterEngine: Starting ThreadGroup: 1 : Number of Users 
2015/05/08 21:40:05 INFO  - jmeter.engine.StandardJMeterEngine: Starting 5 threads for group Number of Users. 
2015/05/08 21:40:05 INFO  - jmeter.engine.StandardJMeterEngine: Thread will continue on error 
2015/05/08 21:40:05 INFO  - jmeter.threads.ThreadGroup: Starting thread group number 1 threads 5 ramp-up 5 perThread 1000.0 delayedStart=false 
2015/05/08 21:40:05 INFO  - jmeter.threads.JMeterThread: Thread started: Number of Users 1-1 
2015/05/08 21:40:05 INFO  - jmeter.threads.ThreadGroup: Started thread group number 1 
2015/05/08 21:40:05 INFO  - jmeter.engine.StandardJMeterEngine: All thread groups have been started 
2015/05/08 21:40:05 INFO  - jmeter.threads.JMeterThread: Thread is done: Number of Users 1-1 
2015/05/08 21:40:05 INFO  - jmeter.threads.JMeterThread: Thread finished: Number of Users 1-1 
2015/05/08 21:40:06 INFO  - jmeter.threads.JMeterThread: Thread started: Number of Users 1-2 
2015/05/08 21:40:06 INFO  - jmeter.threads.JMeterThread: Thread is done: Number of Users 1-2 
2015/05/08 21:40:06 INFO  - jmeter.threads.JMeterThread: Thread finished: Number of Users 1-2 
2015/05/08 21:40:07 INFO  - jmeter.threads.JMeterThread: Thread started: Number of Users 1-3 
2015/05/08 21:40:07 INFO  - jmeter.threads.JMeterThread: Thread is done: Number of Users 1-3 
2015/05/08 21:40:07 INFO  - jmeter.threads.JMeterThread: Thread finished: Number of Users 1-3 
2015/05/08 21:40:08 INFO  - jmeter.threads.JMeterThread: Thread started: Number of Users 1-4 
2015/05/08 21:40:08 INFO  - jmeter.threads.JMeterThread: Thread is done: Number of Users 1-4 
2015/05/08 21:40:08 INFO  - jmeter.threads.JMeterThread: Thread finished: Number of Users 1-4 
2015/05/08 21:40:09 INFO  - jmeter.threads.JMeterThread: Thread started: Number of Users 1-5 
2015/05/08 21:40:09 INFO  - jmeter.threads.JMeterThread: Thread is done: Number of Users 1-5 
2015/05/08 21:40:09 INFO  - jmeter.threads.JMeterThread: Thread finished: Number of Users 1-5 
2015/05/08 21:40:09 INFO  - jmeter.engine.StandardJMeterEngine: Notifying test listeners of end of test 
2015/05/08 21:40:09 INFO  - jmeter.gui.util.JMeterMenuBar: setRunning(false,*local*) 
2015/05/08 21:42:12 INFO  - jmeter.engine.StandardJMeterEngine: Running the test! 
2015/05/08 21:42:12 INFO  - jmeter.samplers.SampleEvent: List of sample_variables: [] 
2015/05/08 21:42:12 INFO  - jmeter.gui.util.JMeterMenuBar: setRunning(true,*local*) 
2015/05/08 21:42:12 INFO  - jmeter.engine.StandardJMeterEngine: Starting ThreadGroup: 1 : Number of Users 
2015/05/08 21:42:12 INFO  - jmeter.engine.StandardJMeterEngine: Starting 5 threads for group Number of Users. 
2015/05/08 21:42:12 INFO  - jmeter.engine.StandardJMeterEngine: Thread will continue on error 
2015/05/08 21:42:12 INFO  - jmeter.threads.ThreadGroup: Starting thread group number 1 threads 5 ramp-up 5 perThread 1000.0 delayedStart=false 
2015/05/08 21:42:12 INFO  - jmeter.threads.JMeterThread: Thread started: Number of Users 1-1 
2015/05/08 21:42:12 INFO  - jmeter.threads.ThreadGroup: Started thread group number 1 
2015/05/08 21:42:12 INFO  - jmeter.engine.StandardJMeterEngine: All thread groups have been started 
2015/05/08 21:42:12 INFO  - jmeter.threads.JMeterThread: Thread is done: Number of Users 1-1 
2015/05/08 21:42:12 INFO  - jmeter.threads.JMeterThread: Thread finished: Number of Users 1-1 
2015/05/08 21:42:13 INFO  - jmeter.threads.JMeterThread: Thread started: Number of Users 1-2 
2015/05/08 21:42:13 INFO  - jmeter.threads.JMeterThread: Thread is done: Number of Users 1-2 
2015/05/08 21:42:13 INFO  - jmeter.threads.JMeterThread: Thread finished: Number of Users 1-2 
2015/05/08 21:42:14 INFO  - jmeter.threads.JMeterThread: Thread started: Number of Users 1-3 
2015/05/08 21:42:14 INFO  - jmeter.threads.JMeterThread: Thread is done: Number of Users 1-3 
2015/05/08 21:42:14 INFO  - jmeter.threads.JMeterThread: Thread finished: Number of Users 1-3 
2015/05/08 21:42:15 INFO  - jmeter.threads.JMeterThread: Thread started: Number of Users 1-4 
2015/05/08 21:42:15 INFO  - jmeter.threads.JMeterThread: Thread is done: Number of Users 1-4 
2015/05/08 21:42:15 INFO  - jmeter.threads.JMeterThread: Thread finished: Number of Users 1-4 
2015/05/08 21:42:16 INFO  - jmeter.threads.JMeterThread: Thread started: Number of Users 1-5 
2015/05/08 21:42:16 INFO  - jmeter.threads.JMeterThread: Thread is done: Number of Users 1-5 
2015/05/08 21:42:16 INFO  - jmeter.threads.JMeterThread: Thread finished: Number of Users 1-5 
2015/05/08 21:42:16 INFO  - jmeter.engine.StandardJMeterEngine: Notifying test listeners of end of test 
2015/05/08 21:42:16 INFO  - jmeter.gui.util.JMeterMenuBar: setRunning(false,*local*) 
2015/05/08 21:42:55 INFO  - jmeter.engine.StandardJMeterEngine: Running the test! 
2015/05/08 21:42:55 INFO  - jmeter.samplers.SampleEvent: List of sample_variables: [] 
2015/05/08 21:42:55 INFO  - jmeter.gui.util.JMeterMenuBar: setRunning(true,*local*) 
2015/05/08 21:42:55 INFO  - jmeter.engine.StandardJMeterEngine: Starting ThreadGroup: 1 : Number of Users 
2015/05/08 21:42:55 INFO  - jmeter.engine.StandardJMeterEngine: Starting 5 threads for group Number of Users. 
2015/05/08 21:42:55 INFO  - jmeter.engine.StandardJMeterEngine: Thread will continue on error 
2015/05/08 21:42:55 INFO  - jmeter.threads.ThreadGroup: Starting thread group number 1 threads 5 ramp-up 5 perThread 1000.0 delayedStart=false 
2015/05/08 21:42:55 INFO  - jmeter.threads.JMeterThread: Thread started: Number of Users 1-1 
2015/05/08 21:42:55 INFO  - jmeter.threads.ThreadGroup: Started thread group number 1 
2015/05/08 21:42:55 INFO  - jmeter.engine.StandardJMeterEngine: All thread groups have been started 
2015/05/08 21:42:55 INFO  - jmeter.threads.JMeterThread: Thread is done: Number of Users 1-1 
2015/05/08 21:42:55 INFO  - jmeter.threads.JMeterThread: Thread finished: Number of Users 1-1 
2015/05/08 21:42:56 INFO  - jmeter.threads.JMeterThread: Thread started: Number of Users 1-2 
2015/05/08 21:42:56 INFO  - jmeter.threads.JMeterThread: Thread is done: Number of Users 1-2 
2015/05/08 21:42:56 INFO  - jmeter.threads.JMeterThread: Thread finished: Number of Users 1-2 
2015/05/08 21:42:57 INFO  - jmeter.threads.JMeterThread: Thread started: Number of Users 1-3 
2015/05/08 21:42:57 INFO  - jmeter.threads.JMeterThread: Thread is done: Number of Users 1-3 
2015/05/08 21:42:57 INFO  - jmeter.threads.JMeterThread: Thread finished: Number of Users 1-3 
2015/05/08 21:42:58 INFO  - jmeter.threads.JMeterThread: Thread started: Number of Users 1-4 
2015/05/08 21:42:58 INFO  - jmeter.threads.JMeterThread: Thread is done: Number of Users 1-4 
2015/05/08 21:42:58 INFO  - jmeter.threads.JMeterThread: Thread finished: Number of Users 1-4 
2015/05/08 21:42:59 INFO  - jmeter.threads.JMeterThread: Thread started: Number of Users 1-5 
2015/05/08 21:42:59 INFO  - jmeter.threads.JMeterThread: Thread is done: Number of Users 1-5 
2015/05/08 21:42:59 INFO  - jmeter.threads.JMeterThread: Thread finished: Number of Users 1-5 
2015/05/08 21:42:59 INFO  - jmeter.engine.StandardJMeterEngine: Notifying test listeners of end of test 
2015/05/08 21:42:59 INFO  - jmeter.gui.util.JMeterMenuBar: setRunning(false,*local*) 
2015/05/08 21:43:10 INFO  - jmeter.engine.StandardJMeterEngine: Running the test! 
2015/05/08 21:43:10 INFO  - jmeter.samplers.SampleEvent: List of sample_variables: [] 
2015/05/08 21:43:10 INFO  - jmeter.gui.util.JMeterMenuBar: setRunning(true,*local*) 
2015/05/08 21:43:10 INFO  - jmeter.engine.StandardJMeterEngine: Starting ThreadGroup: 1 : Number of Users 
2015/05/08 21:43:10 INFO  - jmeter.engine.StandardJMeterEngine: Starting 5 threads for group Number of Users. 
2015/05/08 21:43:10 INFO  - jmeter.engine.StandardJMeterEngine: Thread will continue on error 
2015/05/08 21:43:10 INFO  - jmeter.threads.ThreadGroup: Starting thread group number 1 threads 5 ramp-up 5 perThread 1000.0 delayedStart=false 
2015/05/08 21:43:10 INFO  - jmeter.threads.JMeterThread: Thread started: Number of Users 1-1 
2015/05/08 21:43:10 INFO  - jmeter.threads.ThreadGroup: Started thread group number 1 
2015/05/08 21:43:10 INFO  - jmeter.engine.StandardJMeterEngine: All thread groups have been started 
2015/05/08 21:43:10 INFO  - jmeter.threads.JMeterThread: Thread is done: Number of Users 1-1 
2015/05/08 21:43:10 INFO  - jmeter.threads.JMeterThread: Thread finished: Number of Users 1-1 
2015/05/08 21:43:11 INFO  - jmeter.threads.JMeterThread: Thread started: Number of Users 1-2 
2015/05/08 21:43:11 INFO  - jmeter.threads.JMeterThread: Thread is done: Number of Users 1-2 
2015/05/08 21:43:11 INFO  - jmeter.threads.JMeterThread: Thread finished: Number of Users 1-2 
2015/05/08 21:43:12 INFO  - jmeter.threads.JMeterThread: Thread started: Number of Users 1-3 
2015/05/08 21:43:12 INFO  - jmeter.threads.JMeterThread: Thread is done: Number of Users 1-3 
2015/05/08 21:43:12 INFO  - jmeter.threads.JMeterThread: Thread finished: Number of Users 1-3 
2015/05/08 21:43:13 INFO  - jmeter.threads.JMeterThread: Thread started: Number of Users 1-4 
2015/05/08 21:43:13 INFO  - jmeter.threads.JMeterThread: Thread is done: Number of Users 1-4 
2015/05/08 21:43:13 INFO  - jmeter.threads.JMeterThread: Thread finished: Number of Users 1-4 
2015/05/08 21:43:14 INFO  - jmeter.threads.JMeterThread: Thread started: Number of Users 1-5 
2015/05/08 21:43:14 INFO  - jmeter.threads.JMeterThread: Thread is done: Number of Users 1-5 
2015/05/08 21:43:14 INFO  - jmeter.threads.JMeterThread: Thread finished: Number of Users 1-5 
2015/05/08 21:43:14 INFO  - jmeter.engine.StandardJMeterEngine: Notifying test listeners of end of test 
2015/05/08 21:43:14 INFO  - jmeter.gui.util.JMeterMenuBar: setRunning(false,*local*) 
2015/05/08 21:43:24 INFO  - jmeter.engine.StandardJMeterEngine: Running the test! 
2015/05/08 21:43:24 INFO  - jmeter.samplers.SampleEvent: List of sample_variables: [] 
2015/05/08 21:43:24 INFO  - jmeter.gui.util.JMeterMenuBar: setRunning(true,*local*) 
2015/05/08 21:43:24 INFO  - jmeter.engine.StandardJMeterEngine: Starting ThreadGroup: 1 : Number of Users 
2015/05/08 21:43:24 INFO  - jmeter.engine.StandardJMeterEngine: Starting 5 threads for group Number of Users. 
2015/05/08 21:43:24 INFO  - jmeter.engine.StandardJMeterEngine: Thread will continue on error 
2015/05/08 21:43:24 INFO  - jmeter.threads.ThreadGroup: Starting thread group number 1 threads 5 ramp-up 5 perThread 1000.0 delayedStart=false 
2015/05/08 21:43:24 INFO  - jmeter.threads.JMeterThread: Thread started: Number of Users 1-1 
2015/05/08 21:43:24 INFO  - jmeter.threads.ThreadGroup: Started thread group number 1 
2015/05/08 21:43:24 INFO  - jmeter.engine.StandardJMeterEngine: All thread groups have been started 
2015/05/08 21:43:24 INFO  - jmeter.threads.JMeterThread: Thread is done: Number of Users 1-1 
2015/05/08 21:43:24 INFO  - jmeter.threads.JMeterThread: Thread finished: Number of Users 1-1 
2015/05/08 21:43:25 INFO  - jmeter.threads.JMeterThread: Thread started: Number of Users 1-2 
2015/05/08 21:43:25 INFO  - jmeter.threads.JMeterThread: Thread is done: Number of Users 1-2 
2015/05/08 21:43:25 INFO  - jmeter.threads.JMeterThread: Thread finished: Number of Users 1-2 
2015/05/08 21:43:26 INFO  - jmeter.threads.JMeterThread: Thread started: Number of Users 1-3 
2015/05/08 21:43:26 INFO  - jmeter.threads.JMeterThread: Thread is done: Number of Users 1-3 
2015/05/08 21:43:26 INFO  - jmeter.threads.JMeterThread: Thread finished: Number of Users 1-3 
2015/05/08 21:43:27 INFO  - jmeter.threads.JMeterThread: Thread started: Number of Users 1-4 
2015/05/08 21:43:27 INFO  - jmeter.threads.JMeterThread: Thread is done: Number of Users 1-4 
2015/05/08 21:43:27 INFO  - jmeter.threads.JMeterThread: Thread finished: Number of Users 1-4 
2015/05/08 21:43:28 INFO  - jmeter.threads.JMeterThread: Thread started: Number of Users 1-5 
2015/05/08 21:43:28 INFO  - jmeter.threads.JMeterThread: Thread is done: Number of Users 1-5 
2015/05/08 21:43:28 INFO  - jmeter.threads.JMeterThread: Thread finished: Number of Users 1-5 
2015/05/08 21:43:28 INFO  - jmeter.engine.StandardJMeterEngine: Notifying test listeners of end of test 
2015/05/08 21:43:28 INFO  - jmeter.gui.util.JMeterMenuBar: setRunning(false,*local*) 
2015/05/08 21:43:30 INFO  - jmeter.engine.StandardJMeterEngine: Running the test! 
2015/05/08 21:43:30 INFO  - jmeter.samplers.SampleEvent: List of sample_variables: [] 
2015/05/08 21:43:30 INFO  - jmeter.gui.util.JMeterMenuBar: setRunning(true,*local*) 
2015/05/08 21:43:30 INFO  - jmeter.engine.StandardJMeterEngine: Starting ThreadGroup: 1 : Number of Users 
2015/05/08 21:43:30 INFO  - jmeter.engine.StandardJMeterEngine: Starting 5 threads for group Number of Users. 
2015/05/08 21:43:30 INFO  - jmeter.engine.StandardJMeterEngine: Thread will continue on error 
2015/05/08 21:43:30 INFO  - jmeter.threads.ThreadGroup: Starting thread group number 1 threads 5 ramp-up 5 perThread 1000.0 delayedStart=false 
2015/05/08 21:43:30 INFO  - jmeter.threads.JMeterThread: Thread started: Number of Users 1-1 
2015/05/08 21:43:30 INFO  - jmeter.threads.ThreadGroup: Started thread group number 1 
2015/05/08 21:43:30 INFO  - jmeter.engine.StandardJMeterEngine: All thread groups have been started 
2015/05/08 21:43:30 INFO  - jmeter.threads.JMeterThread: Thread is done: Number of Users 1-1 
2015/05/08 21:43:30 INFO  - jmeter.threads.JMeterThread: Thread finished: Number of Users 1-1 
2015/05/08 21:43:31 INFO  - jmeter.threads.JMeterThread: Thread started: Number of Users 1-2 
2015/05/08 21:43:31 INFO  - jmeter.threads.JMeterThread: Thread is done: Number of Users 1-2 
2015/05/08 21:43:31 INFO  - jmeter.threads.JMeterThread: Thread finished: Number of Users 1-2 
2015/05/08 21:43:32 INFO  - jmeter.threads.JMeterThread: Thread started: Number of Users 1-3 
2015/05/08 21:43:32 INFO  - jmeter.threads.JMeterThread: Thread is done: Number of Users 1-3 
2015/05/08 21:43:32 INFO  - jmeter.threads.JMeterThread: Thread finished: Number of Users 1-3 
2015/05/08 21:43:33 INFO  - jmeter.threads.JMeterThread: Thread started: Number of Users 1-4 
2015/05/08 21:43:33 INFO  - jmeter.threads.JMeterThread: Thread is done: Number of Users 1-4 
2015/05/08 21:43:33 INFO  - jmeter.threads.JMeterThread: Thread finished: Number of Users 1-4 
2015/05/08 21:43:34 INFO  - jmeter.threads.JMeterThread: Thread started: Number of Users 1-5 
2015/05/08 21:43:34 INFO  - jmeter.threads.JMeterThread: Thread is done: Number of Users 1-5 
2015/05/08 21:43:34 INFO  - jmeter.threads.JMeterThread: Thread finished: Number of Users 1-5 
2015/05/08 21:43:34 INFO  - jmeter.engine.StandardJMeterEngine: Notifying test listeners of end of test 
2015/05/08 21:43:34 INFO  - jmeter.gui.util.JMeterMenuBar: setRunning(false,*local*) 
2015/05/08 21:44:04 INFO  - jmeter.engine.StandardJMeterEngine: Running the test! 
2015/05/08 21:44:04 INFO  - jmeter.samplers.SampleEvent: List of sample_variables: [] 
2015/05/08 21:44:04 INFO  - jmeter.gui.util.JMeterMenuBar: setRunning(true,*local*) 
2015/05/08 21:44:05 INFO  - jmeter.engine.StandardJMeterEngine: Starting ThreadGroup: 1 : Number of Users 
2015/05/08 21:44:05 INFO  - jmeter.engine.StandardJMeterEngine: Starting 5 threads for group Number of Users. 
2015/05/08 21:44:05 INFO  - jmeter.engine.StandardJMeterEngine: Thread will continue on error 
2015/05/08 21:44:05 INFO  - jmeter.threads.ThreadGroup: Starting thread group number 1 threads 5 ramp-up 5 perThread 1000.0 delayedStart=false 
2015/05/08 21:44:05 INFO  - jmeter.threads.JMeterThread: Thread started: Number of Users 1-1 
2015/05/08 21:44:05 INFO  - jmeter.threads.ThreadGroup: Started thread group number 1 
2015/05/08 21:44:05 INFO  - jmeter.engine.StandardJMeterEngine: All thread groups have been started 
2015/05/08 21:44:05 INFO  - jmeter.threads.JMeterThread: Thread is done: Number of Users 1-1 
2015/05/08 21:44:05 INFO  - jmeter.threads.JMeterThread: Thread finished: Number of Users 1-1 
2015/05/08 21:44:06 INFO  - jmeter.threads.JMeterThread: Thread started: Number of Users 1-2 
2015/05/08 21:44:06 INFO  - jmeter.threads.JMeterThread: Thread is done: Number of Users 1-2 
2015/05/08 21:44:06 INFO  - jmeter.threads.JMeterThread: Thread finished: Number of Users 1-2 
2015/05/08 21:44:07 INFO  - jmeter.threads.JMeterThread: Thread started: Number of Users 1-3 
2015/05/08 21:44:07 INFO  - jmeter.threads.JMeterThread: Thread is done: Number of Users 1-3 
2015/05/08 21:44:07 INFO  - jmeter.threads.JMeterThread: Thread finished: Number of Users 1-3 
2015/05/08 21:44:08 INFO  - jmeter.threads.JMeterThread: Thread started: Number of Users 1-4 
2015/05/08 21:44:08 INFO  - jmeter.threads.JMeterThread: Thread is done: Number of Users 1-4 
2015/05/08 21:44:08 INFO  - jmeter.threads.JMeterThread: Thread finished: Number of Users 1-4 
2015/05/08 21:44:09 INFO  - jmeter.threads.JMeterThread: Thread started: Number of Users 1-5 
2015/05/08 21:44:09 INFO  - jmeter.threads.JMeterThread: Thread is done: Number of Users 1-5 
2015/05/08 21:44:09 INFO  - jmeter.threads.JMeterThread: Thread finished: Number of Users 1-5 
2015/05/08 21:44:09 INFO  - jmeter.engine.StandardJMeterEngine: Notifying test listeners of end of test 
2015/05/08 21:44:09 INFO  - jmeter.gui.util.JMeterMenuBar: setRunning(false,*local*) 
2015/05/08 21:44:21 INFO  - jmeter.engine.StandardJMeterEngine: Running the test! 
2015/05/08 21:44:21 INFO  - jmeter.samplers.SampleEvent: List of sample_variables: [] 
2015/05/08 21:44:21 INFO  - jmeter.gui.util.JMeterMenuBar: setRunning(true,*local*) 
2015/05/08 21:44:21 INFO  - jmeter.engine.StandardJMeterEngine: Starting ThreadGroup: 1 : Number of Users 
2015/05/08 21:44:21 INFO  - jmeter.engine.StandardJMeterEngine: Starting 5 threads for group Number of Users. 
2015/05/08 21:44:21 INFO  - jmeter.engine.StandardJMeterEngine: Thread will continue on error 
2015/05/08 21:44:21 INFO  - jmeter.threads.ThreadGroup: Starting thread group number 1 threads 5 ramp-up 5 perThread 1000.0 delayedStart=false 
2015/05/08 21:44:21 INFO  - jmeter.threads.JMeterThread: Thread started: Number of Users 1-1 
2015/05/08 21:44:21 INFO  - jmeter.threads.ThreadGroup: Started thread group number 1 
2015/05/08 21:44:21 INFO  - jmeter.engine.StandardJMeterEngine: All thread groups have been started 
2015/05/08 21:44:21 INFO  - jmeter.threads.JMeterThread: Thread is done: Number of Users 1-1 
2015/05/08 21:44:22 INFO  - jmeter.threads.JMeterThread: Thread finished: Number of Users 1-1 
2015/05/08 21:44:22 INFO  - jmeter.threads.JMeterThread: Thread started: Number of Users 1-2 
2015/05/08 21:44:23 INFO  - jmeter.threads.JMeterThread: Thread is done: Number of Users 1-2 
2015/05/08 21:44:23 INFO  - jmeter.threads.JMeterThread: Thread finished: Number of Users 1-2 
2015/05/08 21:44:23 INFO  - jmeter.threads.JMeterThread: Thread started: Number of Users 1-3 
2015/05/08 21:44:24 INFO  - jmeter.threads.JMeterThread: Thread is done: Number of Users 1-3 
2015/05/08 21:44:24 INFO  - jmeter.threads.JMeterThread: Thread finished: Number of Users 1-3 
2015/05/08 21:44:24 INFO  - jmeter.threads.JMeterThread: Thread started: Number of Users 1-4 
2015/05/08 21:44:25 INFO  - jmeter.threads.JMeterThread: Thread is done: Number of Users 1-4 
2015/05/08 21:44:25 INFO  - jmeter.threads.JMeterThread: Thread finished: Number of Users 1-4 
2015/05/08 21:44:25 INFO  - jmeter.threads.JMeterThread: Thread started: Number of Users 1-5 
2015/05/08 21:44:26 INFO  - jmeter.threads.JMeterThread: Thread is done: Number of Users 1-5 
2015/05/08 21:44:26 INFO  - jmeter.threads.JMeterThread: Thread finished: Number of Users 1-5 
2015/05/08 21:44:26 INFO  - jmeter.engine.StandardJMeterEngine: Notifying test listeners of end of test 
2015/05/08 21:44:26 INFO  - jmeter.gui.util.JMeterMenuBar: setRunning(false,*local*) 
2015/05/08 21:44:28 INFO  - jmeter.engine.StandardJMeterEngine: Running the test! 
2015/05/08 21:44:28 INFO  - jmeter.samplers.SampleEvent: List of sample_variables: [] 
2015/05/08 21:44:28 INFO  - jmeter.gui.util.JMeterMenuBar: setRunning(true,*local*) 
2015/05/08 21:44:28 INFO  - jmeter.engine.StandardJMeterEngine: Starting ThreadGroup: 1 : Number of Users 
2015/05/08 21:44:28 INFO  - jmeter.engine.StandardJMeterEngine: Starting 5 threads for group Number of Users. 
2015/05/08 21:44:28 INFO  - jmeter.engine.StandardJMeterEngine: Thread will continue on error 
2015/05/08 21:44:28 INFO  - jmeter.threads.ThreadGroup: Starting thread group number 1 threads 5 ramp-up 5 perThread 1000.0 delayedStart=false 
2015/05/08 21:44:28 INFO  - jmeter.threads.JMeterThread: Thread started: Number of Users 1-1 
2015/05/08 21:44:28 INFO  - jmeter.threads.ThreadGroup: Started thread group number 1 
2015/05/08 21:44:28 INFO  - jmeter.engine.StandardJMeterEngine: All thread groups have been started 
2015/05/08 21:44:28 INFO  - jmeter.threads.JMeterThread: Thread is done: Number of Users 1-1 
2015/05/08 21:44:28 INFO  - jmeter.threads.JMeterThread: Thread finished: Number of Users 1-1 
2015/05/08 21:44:29 INFO  - jmeter.threads.JMeterThread: Thread started: Number of Users 1-2 
2015/05/08 21:44:29 INFO  - jmeter.threads.JMeterThread: Thread is done: Number of Users 1-2 
2015/05/08 21:44:29 INFO  - jmeter.threads.JMeterThread: Thread finished: Number of Users 1-2 
2015/05/08 21:44:30 INFO  - jmeter.threads.JMeterThread: Thread started: Number of Users 1-3 
2015/05/08 21:44:30 INFO  - jmeter.threads.JMeterThread: Thread is done: Number of Users 1-3 
2015/05/08 21:44:30 INFO  - jmeter.threads.JMeterThread: Thread finished: Number of Users 1-3 
2015/05/08 21:44:31 INFO  - jmeter.threads.JMeterThread: Thread started: Number of Users 1-4 
2015/05/08 21:44:31 INFO  - jmeter.threads.JMeterThread: Thread is done: Number of Users 1-4 
2015/05/08 21:44:31 INFO  - jmeter.threads.JMeterThread: Thread finished: Number of Users 1-4 
2015/05/08 21:44:32 INFO  - jmeter.threads.JMeterThread: Thread started: Number of Users 1-5 
2015/05/08 21:44:32 INFO  - jmeter.threads.JMeterThread: Thread is done: Number of Users 1-5 
2015/05/08 21:44:32 INFO  - jmeter.threads.JMeterThread: Thread finished: Number of Users 1-5 
2015/05/08 21:44:32 INFO  - jmeter.engine.StandardJMeterEngine: Notifying test listeners of end of test 
2015/05/08 21:44:32 INFO  - jmeter.gui.util.JMeterMenuBar: setRunning(false,*local*) 
2015/05/08 21:44:33 INFO  - jmeter.engine.StandardJMeterEngine: Running the test! 
2015/05/08 21:44:33 INFO  - jmeter.samplers.SampleEvent: List of sample_variables: [] 
2015/05/08 21:44:33 INFO  - jmeter.gui.util.JMeterMenuBar: setRunning(true,*local*) 
2015/05/08 21:44:33 INFO  - jmeter.engine.StandardJMeterEngine: Starting ThreadGroup: 1 : Number of Users 
2015/05/08 21:44:33 INFO  - jmeter.engine.StandardJMeterEngine: Starting 5 threads for group Number of Users. 
2015/05/08 21:44:33 INFO  - jmeter.engine.StandardJMeterEngine: Thread will continue on error 
2015/05/08 21:44:33 INFO  - jmeter.threads.ThreadGroup: Starting thread group number 1 threads 5 ramp-up 5 perThread 1000.0 delayedStart=false 
2015/05/08 21:44:33 INFO  - jmeter.threads.JMeterThread: Thread started: Number of Users 1-1 
2015/05/08 21:44:33 INFO  - jmeter.threads.ThreadGroup: Started thread group number 1 
2015/05/08 21:44:33 INFO  - jmeter.engine.StandardJMeterEngine: All thread groups have been started 
2015/05/08 21:44:33 INFO  - jmeter.threads.JMeterThread: Thread is done: Number of Users 1-1 
2015/05/08 21:44:33 INFO  - jmeter.threads.JMeterThread: Thread finished: Number of Users 1-1 
2015/05/08 21:44:34 INFO  - jmeter.threads.JMeterThread: Thread started: Number of Users 1-2 
2015/05/08 21:44:34 INFO  - jmeter.threads.JMeterThread: Thread is done: Number of Users 1-2 
2015/05/08 21:44:34 INFO  - jmeter.threads.JMeterThread: Thread finished: Number of Users 1-2 
2015/05/08 21:44:35 INFO  - jmeter.threads.JMeterThread: Thread started: Number of Users 1-3 
2015/05/08 21:44:35 INFO  - jmeter.threads.JMeterThread: Thread is done: Number of Users 1-3 
2015/05/08 21:44:35 INFO  - jmeter.threads.JMeterThread: Thread finished: Number of Users 1-3 
2015/05/08 21:44:36 INFO  - jmeter.threads.JMeterThread: Thread started: Number of Users 1-4 
2015/05/08 21:44:36 INFO  - jmeter.threads.JMeterThread: Thread is done: Number of Users 1-4 
2015/05/08 21:44:36 INFO  - jmeter.threads.JMeterThread: Thread finished: Number of Users 1-4 
2015/05/08 21:44:37 INFO  - jmeter.threads.JMeterThread: Thread started: Number of Users 1-5 
2015/05/08 21:44:37 INFO  - jmeter.threads.JMeterThread: Thread is done: Number of Users 1-5 
2015/05/08 21:44:37 INFO  - jmeter.threads.JMeterThread: Thread finished: Number of Users 1-5 
2015/05/08 21:44:37 INFO  - jmeter.engine.StandardJMeterEngine: Notifying test listeners of end of test 
2015/05/08 21:44:37 INFO  - jmeter.gui.util.JMeterMenuBar: setRunning(false,*local*) 
2015/05/08 21:45:52 INFO  - jmeter.engine.StandardJMeterEngine: Running the test! 
2015/05/08 21:45:52 INFO  - jmeter.samplers.SampleEvent: List of sample_variables: [] 
2015/05/08 21:45:52 INFO  - jmeter.gui.util.JMeterMenuBar: setRunning(true,*local*) 
2015/05/08 21:45:52 INFO  - jmeter.engine.StandardJMeterEngine: Starting ThreadGroup: 1 : Number of Users 
2015/05/08 21:45:52 INFO  - jmeter.engine.StandardJMeterEngine: Starting 5 threads for group Number of Users. 
2015/05/08 21:45:52 INFO  - jmeter.engine.StandardJMeterEngine: Thread will continue on error 
2015/05/08 21:45:52 INFO  - jmeter.threads.ThreadGroup: Starting thread group number 1 threads 5 ramp-up 5 perThread 1000.0 delayedStart=false 
2015/05/08 21:45:52 INFO  - jmeter.threads.JMeterThread: Thread started: Number of Users 1-1 
2015/05/08 21:45:52 INFO  - jmeter.threads.ThreadGroup: Started thread group number 1 
2015/05/08 21:45:52 INFO  - jmeter.engine.StandardJMeterEngine: All thread groups have been started 
2015/05/08 21:45:52 INFO  - jmeter.threads.JMeterThread: Thread is done: Number of Users 1-1 
2015/05/08 21:45:52 INFO  - jmeter.threads.JMeterThread: Thread finished: Number of Users 1-1 
2015/05/08 21:45:53 INFO  - jmeter.threads.JMeterThread: Thread started: Number of Users 1-2 
2015/05/08 21:45:53 INFO  - jmeter.threads.JMeterThread: Thread is done: Number of Users 1-2 
2015/05/08 21:45:53 INFO  - jmeter.threads.JMeterThread: Thread finished: Number of Users 1-2 
2015/05/08 21:45:54 INFO  - jmeter.threads.JMeterThread: Thread started: Number of Users 1-3 
2015/05/08 21:45:54 INFO  - jmeter.threads.JMeterThread: Thread is done: Number of Users 1-3 
2015/05/08 21:45:54 INFO  - jmeter.threads.JMeterThread: Thread finished: Number of Users 1-3 
2015/05/08 21:45:55 INFO  - jmeter.threads.JMeterThread: Thread started: Number of Users 1-4 
2015/05/08 21:45:55 INFO  - jmeter.threads.JMeterThread: Thread is done: Number of Users 1-4 
2015/05/08 21:45:55 INFO  - jmeter.threads.JMeterThread: Thread finished: Number of Users 1-4 
2015/05/08 21:45:56 INFO  - jmeter.threads.JMeterThread: Thread started: Number of Users 1-5 
2015/05/08 21:45:56 INFO  - jmeter.threads.JMeterThread: Thread is done: Number of Users 1-5 
2015/05/08 21:45:56 INFO  - jmeter.threads.JMeterThread: Thread finished: Number of Users 1-5 
2015/05/08 21:45:56 INFO  - jmeter.engine.StandardJMeterEngine: Notifying test listeners of end of test 
2015/05/08 21:45:56 INFO  - jmeter.gui.util.JMeterMenuBar: setRunning(false,*local*) 
2015/05/08 21:49:44 INFO  - jmeter.engine.StandardJMeterEngine: Running the test! 
2015/05/08 21:49:44 INFO  - jmeter.samplers.SampleEvent: List of sample_variables: [] 
2015/05/08 21:49:44 INFO  - jmeter.gui.util.JMeterMenuBar: setRunning(true,*local*) 
2015/05/08 21:49:44 INFO  - jmeter.engine.StandardJMeterEngine: Starting ThreadGroup: 1 : Number of Users 
2015/05/08 21:49:44 INFO  - jmeter.engine.StandardJMeterEngine: Starting 5 threads for group Number of Users. 
2015/05/08 21:49:44 INFO  - jmeter.engine.StandardJMeterEngine: Thread will continue on error 
2015/05/08 21:49:44 INFO  - jmeter.threads.ThreadGroup: Starting thread group number 1 threads 5 ramp-up 5 perThread 1000.0 delayedStart=false 
2015/05/08 21:49:44 INFO  - jmeter.threads.JMeterThread: Thread started: Number of Users 1-1 
2015/05/08 21:49:44 INFO  - jmeter.threads.ThreadGroup: Started thread group number 1 
2015/05/08 21:49:44 INFO  - jmeter.engine.StandardJMeterEngine: All thread groups have been started 
2015/05/08 21:49:44 INFO  - jmeter.threads.JMeterThread: Thread is done: Number of Users 1-1 
2015/05/08 21:49:44 INFO  - jmeter.threads.JMeterThread: Thread finished: Number of Users 1-1 
2015/05/08 21:49:45 INFO  - jmeter.threads.JMeterThread: Thread started: Number of Users 1-2 
2015/05/08 21:49:45 INFO  - jmeter.threads.JMeterThread: Thread is done: Number of Users 1-2 
2015/05/08 21:49:45 INFO  - jmeter.threads.JMeterThread: Thread finished: Number of Users 1-2 
2015/05/08 21:49:46 INFO  - jmeter.threads.JMeterThread: Thread started: Number of Users 1-3 
2015/05/08 21:49:46 INFO  - jmeter.threads.JMeterThread: Thread is done: Number of Users 1-3 
2015/05/08 21:49:46 INFO  - jmeter.threads.JMeterThread: Thread finished: Number of Users 1-3 
2015/05/08 21:49:47 INFO  - jmeter.threads.JMeterThread: Thread started: Number of Users 1-4 
2015/05/08 21:49:47 INFO  - jmeter.threads.JMeterThread: Thread is done: Number of Users 1-4 
2015/05/08 21:49:47 INFO  - jmeter.threads.JMeterThread: Thread finished: Number of Users 1-4 
2015/05/08 21:49:48 INFO  - jmeter.threads.JMeterThread: Thread started: Number of Users 1-5 
2015/05/08 21:49:48 INFO  - jmeter.threads.JMeterThread: Thread is done: Number of Users 1-5 
2015/05/08 21:49:48 INFO  - jmeter.threads.JMeterThread: Thread finished: Number of Users 1-5 
2015/05/08 21:49:48 INFO  - jmeter.engine.StandardJMeterEngine: Notifying test listeners of end of test 
2015/05/08 21:49:48 INFO  - jmeter.gui.util.JMeterMenuBar: setRunning(false,*local*) 
2015/05/08 21:49:59 INFO  - jmeter.engine.StandardJMeterEngine: Running the test! 
2015/05/08 21:49:59 INFO  - jmeter.samplers.SampleEvent: List of sample_variables: [] 
2015/05/08 21:49:59 INFO  - jmeter.gui.util.JMeterMenuBar: setRunning(true,*local*) 
2015/05/08 21:49:59 INFO  - jmeter.engine.StandardJMeterEngine: Starting ThreadGroup: 1 : Number of Users 
2015/05/08 21:49:59 INFO  - jmeter.engine.StandardJMeterEngine: Starting 5 threads for group Number of Users. 
2015/05/08 21:49:59 INFO  - jmeter.engine.StandardJMeterEngine: Thread will continue on error 
2015/05/08 21:49:59 INFO  - jmeter.threads.ThreadGroup: Starting thread group number 1 threads 5 ramp-up 5 perThread 1000.0 delayedStart=false 
2015/05/08 21:49:59 INFO  - jmeter.threads.JMeterThread: Thread started: Number of Users 1-1 
2015/05/08 21:49:59 INFO  - jmeter.threads.ThreadGroup: Started thread group number 1 
2015/05/08 21:49:59 INFO  - jmeter.engine.StandardJMeterEngine: All thread groups have been started 
2015/05/08 21:49:59 INFO  - jmeter.threads.JMeterThread: Thread is done: Number of Users 1-1 
2015/05/08 21:49:59 INFO  - jmeter.threads.JMeterThread: Thread finished: Number of Users 1-1 
2015/05/08 21:50:00 INFO  - jmeter.threads.JMeterThread: Thread started: Number of Users 1-2 
2015/05/08 21:50:00 INFO  - jmeter.threads.JMeterThread: Thread is done: Number of Users 1-2 
2015/05/08 21:50:00 INFO  - jmeter.threads.JMeterThread: Thread finished: Number of Users 1-2 
2015/05/08 21:50:01 INFO  - jmeter.threads.JMeterThread: Thread started: Number of Users 1-3 
2015/05/08 21:50:01 INFO  - jmeter.threads.JMeterThread: Thread is done: Number of Users 1-3 
2015/05/08 21:50:01 INFO  - jmeter.threads.JMeterThread: Thread finished: Number of Users 1-3 
2015/05/08 21:50:02 INFO  - jmeter.threads.JMeterThread: Thread started: Number of Users 1-4 
2015/05/08 21:50:02 INFO  - jmeter.threads.JMeterThread: Thread is done: Number of Users 1-4 
2015/05/08 21:50:02 INFO  - jmeter.threads.JMeterThread: Thread finished: Number of Users 1-4 
2015/05/08 21:50:03 INFO  - jmeter.threads.JMeterThread: Thread started: Number of Users 1-5 
2015/05/08 21:50:03 INFO  - jmeter.threads.JMeterThread: Thread is done: Number of Users 1-5 
2015/05/08 21:50:03 INFO  - jmeter.threads.JMeterThread: Thread finished: Number of Users 1-5 
2015/05/08 21:50:03 INFO  - jmeter.engine.StandardJMeterEngine: Notifying test listeners of end of test 
2015/05/08 21:50:03 INFO  - jmeter.gui.util.JMeterMenuBar: setRunning(false,*local*) 
2015/05/08 21:50:23 INFO  - jmeter.engine.StandardJMeterEngine: Running the test! 
2015/05/08 21:50:23 INFO  - jmeter.samplers.SampleEvent: List of sample_variables: [] 
2015/05/08 21:50:23 INFO  - jmeter.gui.util.JMeterMenuBar: setRunning(true,*local*) 
2015/05/08 21:50:23 INFO  - jmeter.engine.StandardJMeterEngine: Starting ThreadGroup: 1 : Number of Users 
2015/05/08 21:50:23 INFO  - jmeter.engine.StandardJMeterEngine: Starting 5 threads for group Number of Users. 
2015/05/08 21:50:23 INFO  - jmeter.engine.StandardJMeterEngine: Thread will continue on error 
2015/05/08 21:50:23 INFO  - jmeter.threads.ThreadGroup: Starting thread group number 1 threads 5 ramp-up 5 perThread 1000.0 delayedStart=false 
2015/05/08 21:50:23 INFO  - jmeter.threads.JMeterThread: Thread started: Number of Users 1-1 
2015/05/08 21:50:23 INFO  - jmeter.threads.ThreadGroup: Started thread group number 1 
2015/05/08 21:50:23 INFO  - jmeter.engine.StandardJMeterEngine: All thread groups have been started 
2015/05/08 21:50:24 INFO  - jmeter.threads.JMeterThread: Thread is done: Number of Users 1-1 
2015/05/08 21:50:24 INFO  - jmeter.threads.JMeterThread: Thread finished: Number of Users 1-1 
2015/05/08 21:50:24 INFO  - jmeter.threads.JMeterThread: Thread started: Number of Users 1-2 
2015/05/08 21:50:25 INFO  - jmeter.threads.JMeterThread: Thread is done: Number of Users 1-2 
2015/05/08 21:50:25 INFO  - jmeter.threads.JMeterThread: Thread finished: Number of Users 1-2 
2015/05/08 21:50:25 INFO  - jmeter.threads.JMeterThread: Thread started: Number of Users 1-3 
2015/05/08 21:50:26 INFO  - jmeter.threads.JMeterThread: Thread is done: Number of Users 1-3 
2015/05/08 21:50:26 INFO  - jmeter.threads.JMeterThread: Thread finished: Number of Users 1-3 
2015/05/08 21:50:26 INFO  - jmeter.threads.JMeterThread: Thread started: Number of Users 1-4 
2015/05/08 21:50:27 INFO  - jmeter.threads.JMeterThread: Thread is done: Number of Users 1-4 
2015/05/08 21:50:27 INFO  - jmeter.threads.JMeterThread: Thread finished: Number of Users 1-4 
2015/05/08 21:50:27 INFO  - jmeter.threads.JMeterThread: Thread started: Number of Users 1-5 
2015/05/08 21:50:28 INFO  - jmeter.threads.JMeterThread: Thread is done: Number of Users 1-5 
2015/05/08 21:50:28 INFO  - jmeter.threads.JMeterThread: Thread finished: Number of Users 1-5 
2015/05/08 21:50:28 INFO  - jmeter.engine.StandardJMeterEngine: Notifying test listeners of end of test 
2015/05/08 21:50:28 INFO  - jmeter.gui.util.JMeterMenuBar: setRunning(false,*local*) 
2015/05/08 21:52:43 INFO  - jmeter.engine.StandardJMeterEngine: Running the test! 
2015/05/08 21:52:43 INFO  - jmeter.samplers.SampleEvent: List of sample_variables: [] 
2015/05/08 21:52:43 INFO  - jmeter.gui.util.JMeterMenuBar: setRunning(true,*local*) 
2015/05/08 21:52:43 INFO  - jmeter.engine.StandardJMeterEngine: Starting ThreadGroup: 1 : Number of Users 
2015/05/08 21:52:43 INFO  - jmeter.engine.StandardJMeterEngine: Starting 10 threads for group Number of Users. 
2015/05/08 21:52:43 INFO  - jmeter.engine.StandardJMeterEngine: Thread will continue on error 
2015/05/08 21:52:43 INFO  - jmeter.threads.ThreadGroup: Starting thread group number 1 threads 10 ramp-up 1 perThread 100.0 delayedStart=false 
2015/05/08 21:52:43 INFO  - jmeter.threads.JMeterThread: Thread started: Number of Users 1-1 
2015/05/08 21:52:43 INFO  - jmeter.threads.ThreadGroup: Started thread group number 1 
2015/05/08 21:52:43 INFO  - jmeter.engine.StandardJMeterEngine: All thread groups have been started 
2015/05/08 21:52:43 INFO  - jmeter.threads.JMeterThread: Thread started: Number of Users 1-2 
2015/05/08 21:52:43 INFO  - jmeter.threads.JMeterThread: Thread started: Number of Users 1-3 
2015/05/08 21:52:43 INFO  - jmeter.threads.JMeterThread: Thread started: Number of Users 1-4 
2015/05/08 21:52:44 INFO  - jmeter.threads.JMeterThread: Thread started: Number of Users 1-5 
2015/05/08 21:52:44 INFO  - jmeter.threads.JMeterThread: Thread started: Number of Users 1-6 
2015/05/08 21:52:44 INFO  - jmeter.threads.JMeterThread: Thread started: Number of Users 1-7 
2015/05/08 21:52:44 INFO  - jmeter.threads.JMeterThread: Thread started: Number of Users 1-8 
2015/05/08 21:52:44 INFO  - jmeter.threads.JMeterThread: Thread started: Number of Users 1-9 
2015/05/08 21:52:44 INFO  - jmeter.threads.JMeterThread: Thread started: Number of Users 1-10 
2015/05/08 21:53:04 INFO  - jmeter.gui.action.Start: Stopping test 
2015/05/08 21:53:04 INFO  - jmeter.threads.JMeterThread: Stopping: Number of Users 1-10 
2015/05/08 21:53:04 WARN  - jmeter.threads.JMeterThread: Interrupting: Number of Users 1-10 sampler: OSB-Request 
2015/05/08 21:53:04 INFO  - jmeter.threads.JMeterThread: Stopping: Number of Users 1-5 
2015/05/08 21:53:04 WARN  - jmeter.threads.JMeterThread: Interrupting: Number of Users 1-5 sampler: SOA-Request 
2015/05/08 21:53:04 INFO  - jmeter.threads.JMeterThread: Stopping: Number of Users 1-7 
2015/05/08 21:53:04 WARN  - jmeter.threads.JMeterThread: Interrupting: Number of Users 1-7 sampler: SOA-Request 
2015/05/08 21:53:04 INFO  - jmeter.threads.JMeterThread: Stopping: Number of Users 1-4 
2015/05/08 21:53:04 WARN  - jmeter.threads.JMeterThread: Interrupting: Number of Users 1-4 sampler: OSB-Request 
2015/05/08 21:53:04 INFO  - jmeter.threads.JMeterThread: Stopping: Number of Users 1-2 
2015/05/08 21:53:04 INFO  - jmeter.threads.JMeterThread: Stopping: Number of Users 1-6 
2015/05/08 21:53:04 WARN  - jmeter.threads.JMeterThread: Interrupting: Number of Users 1-6 sampler: SOA-Request 
2015/05/08 21:53:04 INFO  - jmeter.threads.JMeterThread: Stopping: Number of Users 1-3 
2015/05/08 21:53:04 INFO  - jmeter.threads.JMeterThread: Stopping: Number of Users 1-9 
2015/05/08 21:53:04 INFO  - jmeter.threads.JMeterThread: Thread finished: Number of Users 1-3 
2015/05/08 21:53:04 INFO  - jmeter.threads.JMeterThread: Stopping: Number of Users 1-1 
2015/05/08 21:53:04 INFO  - jmeter.threads.JMeterThread: Thread finished: Number of Users 1-9 
2015/05/08 21:53:04 WARN  - jmeter.threads.JMeterThread: Interrupting: Number of Users 1-1 sampler: SOA-Request 
2015/05/08 21:53:04 INFO  - jmeter.threads.JMeterThread: Thread finished: Number of Users 1-2 
2015/05/08 21:53:04 WARN  - jmeter.util.JMeterUtils: Interrupted in thread Number of Users 1-6 java.lang.InterruptedException
	at java.lang.Object.wait(Native Method)
	at java.lang.Object.wait(Object.java:502)
	at java.awt.EventQueue.invokeAndWait(EventQueue.java:1306)
	at java.awt.EventQueue.invokeAndWait(EventQueue.java:1287)
	at javax.swing.SwingUtilities.invokeAndWait(SwingUtilities.java:1348)
	at org.apache.jmeter.util.JMeterUtils.runSafe(JMeterUtils.java:1322)
	at org.apache.jmeter.visualizers.StatGraphVisualizer.add(StatGraphVisualizer.java:365)
	at org.apache.jmeter.reporters.ResultCollector.sendToVisualizer(ResultCollector.java:595)
	at org.apache.jmeter.reporters.ResultCollector.sampleOccurred(ResultCollector.java:571)
	at org.apache.jmeter.threads.ListenerNotifier.notifyListeners(ListenerNotifier.java:84)
	at org.apache.jmeter.threads.JMeterThread.notifyListeners(JMeterThread.java:796)
	at org.apache.jmeter.threads.JMeterThread.process_sampler(JMeterThread.java:456)
	at org.apache.jmeter.threads.JMeterThread.run(JMeterThread.java:261)
	at java.lang.Thread.run(Thread.java:745)

2015/05/08 21:53:04 INFO  - jmeter.threads.JMeterThread: Thread finished: Number of Users 1-6 
2015/05/08 21:53:04 WARN  - jmeter.util.JMeterUtils: Interrupted in thread Number of Users 1-7 java.lang.InterruptedException
	at java.lang.Object.wait(Native Method)
	at java.lang.Object.wait(Object.java:502)
	at java.awt.EventQueue.invokeAndWait(EventQueue.java:1306)
	at java.awt.EventQueue.invokeAndWait(EventQueue.java:1287)
	at javax.swing.SwingUtilities.invokeAndWait(SwingUtilities.java:1348)
	at org.apache.jmeter.util.JMeterUtils.runSafe(JMeterUtils.java:1322)
	at org.apache.jmeter.visualizers.StatGraphVisualizer.add(StatGraphVisualizer.java:365)
	at org.apache.jmeter.reporters.ResultCollector.sendToVisualizer(ResultCollector.java:595)
	at org.apache.jmeter.reporters.ResultCollector.sampleOccurred(ResultCollector.java:571)
	at org.apache.jmeter.threads.ListenerNotifier.notifyListeners(ListenerNotifier.java:84)
	at org.apache.jmeter.threads.JMeterThread.notifyListeners(JMeterThread.java:796)
	at org.apache.jmeter.threads.JMeterThread.process_sampler(JMeterThread.java:456)
	at org.apache.jmeter.threads.JMeterThread.run(JMeterThread.java:261)
	at java.lang.Thread.run(Thread.java:745)

2015/05/08 21:53:04 INFO  - jmeter.threads.JMeterThread: Thread finished: Number of Users 1-7 
2015/05/08 21:53:04 WARN  - jmeter.util.JMeterUtils: Interrupted in thread Number of Users 1-10 java.lang.InterruptedException
	at java.lang.Object.wait(Native Method)
	at java.lang.Object.wait(Object.java:502)
	at java.awt.EventQueue.invokeAndWait(EventQueue.java:1306)
	at java.awt.EventQueue.invokeAndWait(EventQueue.java:1287)
	at javax.swing.SwingUtilities.invokeAndWait(SwingUtilities.java:1348)
	at org.apache.jmeter.util.JMeterUtils.runSafe(JMeterUtils.java:1322)
	at org.apache.jmeter.visualizers.StatGraphVisualizer.add(StatGraphVisualizer.java:365)
	at org.apache.jmeter.reporters.ResultCollector.sendToVisualizer(ResultCollector.java:595)
	at org.apache.jmeter.reporters.ResultCollector.sampleOccurred(ResultCollector.java:571)
	at org.apache.jmeter.threads.ListenerNotifier.notifyListeners(ListenerNotifier.java:84)
	at org.apache.jmeter.threads.JMeterThread.notifyListeners(JMeterThread.java:796)
	at org.apache.jmeter.threads.JMeterThread.process_sampler(JMeterThread.java:456)
	at org.apache.jmeter.threads.JMeterThread.run(JMeterThread.java:261)
	at java.lang.Thread.run(Thread.java:745)

2015/05/08 21:53:04 INFO  - jmeter.threads.JMeterThread: Thread finished: Number of Users 1-10 
2015/05/08 21:53:04 WARN  - jmeter.util.JMeterUtils: Interrupted in thread Number of Users 1-5 java.lang.InterruptedException
	at java.lang.Object.wait(Native Method)
	at java.lang.Object.wait(Object.java:502)
	at java.awt.EventQueue.invokeAndWait(EventQueue.java:1306)
	at java.awt.EventQueue.invokeAndWait(EventQueue.java:1287)
	at javax.swing.SwingUtilities.invokeAndWait(SwingUtilities.java:1348)
	at org.apache.jmeter.util.JMeterUtils.runSafe(JMeterUtils.java:1322)
	at org.apache.jmeter.visualizers.StatGraphVisualizer.add(StatGraphVisualizer.java:365)
	at org.apache.jmeter.reporters.ResultCollector.sendToVisualizer(ResultCollector.java:595)
	at org.apache.jmeter.reporters.ResultCollector.sampleOccurred(ResultCollector.java:571)
	at org.apache.jmeter.threads.ListenerNotifier.notifyListeners(ListenerNotifier.java:84)
	at org.apache.jmeter.threads.JMeterThread.notifyListeners(JMeterThread.java:796)
	at org.apache.jmeter.threads.JMeterThread.process_sampler(JMeterThread.java:456)
	at org.apache.jmeter.threads.JMeterThread.run(JMeterThread.java:261)
	at java.lang.Thread.run(Thread.java:745)

2015/05/08 21:53:04 INFO  - jmeter.threads.JMeterThread: Thread finished: Number of Users 1-5 
2015/05/08 21:53:04 WARN  - jmeter.util.JMeterUtils: Interrupted in thread Number of Users 1-4 java.lang.InterruptedException
	at java.lang.Object.wait(Native Method)
	at java.lang.Object.wait(Object.java:502)
	at java.awt.EventQueue.invokeAndWait(EventQueue.java:1306)
	at java.awt.EventQueue.invokeAndWait(EventQueue.java:1287)
	at javax.swing.SwingUtilities.invokeAndWait(SwingUtilities.java:1348)
	at org.apache.jmeter.util.JMeterUtils.runSafe(JMeterUtils.java:1322)
	at org.apache.jmeter.visualizers.StatGraphVisualizer.add(StatGraphVisualizer.java:365)
	at org.apache.jmeter.reporters.ResultCollector.sendToVisualizer(ResultCollector.java:595)
	at org.apache.jmeter.reporters.ResultCollector.sampleOccurred(ResultCollector.java:571)
	at org.apache.jmeter.threads.ListenerNotifier.notifyListeners(ListenerNotifier.java:84)
	at org.apache.jmeter.threads.JMeterThread.notifyListeners(JMeterThread.java:796)
	at org.apache.jmeter.threads.JMeterThread.process_sampler(JMeterThread.java:456)
	at org.apache.jmeter.threads.JMeterThread.run(JMeterThread.java:261)
	at java.lang.Thread.run(Thread.java:745)

2015/05/08 21:53:04 INFO  - jmeter.threads.JMeterThread: Thread finished: Number of Users 1-4 
2015/05/08 21:53:04 WARN  - jmeter.util.JMeterUtils: Interrupted in thread Number of Users 1-1 java.lang.InterruptedException
	at java.lang.Object.wait(Native Method)
	at java.lang.Object.wait(Object.java:502)
	at java.awt.EventQueue.invokeAndWait(EventQueue.java:1306)
	at java.awt.EventQueue.invokeAndWait(EventQueue.java:1287)
	at javax.swing.SwingUtilities.invokeAndWait(SwingUtilities.java:1348)
	at org.apache.jmeter.util.JMeterUtils.runSafe(JMeterUtils.java:1322)
	at org.apache.jmeter.visualizers.StatGraphVisualizer.add(StatGraphVisualizer.java:365)
	at org.apache.jmeter.reporters.ResultCollector.sendToVisualizer(ResultCollector.java:595)
	at org.apache.jmeter.reporters.ResultCollector.sampleOccurred(ResultCollector.java:571)
	at org.apache.jmeter.threads.ListenerNotifier.notifyListeners(ListenerNotifier.java:84)
	at org.apache.jmeter.threads.JMeterThread.notifyListeners(JMeterThread.java:796)
	at org.apache.jmeter.threads.JMeterThread.process_sampler(JMeterThread.java:456)
	at org.apache.jmeter.threads.JMeterThread.run(JMeterThread.java:261)
	at java.lang.Thread.run(Thread.java:745)

2015/05/08 21:53:04 INFO  - jmeter.threads.JMeterThread: Thread finished: Number of Users 1-1 
2015/05/08 21:53:04 INFO  - jmeter.threads.JMeterThread: Stopping: Number of Users 1-8 
2015/05/08 21:53:04 WARN  - jmeter.threads.JMeterThread: Interrupting: Number of Users 1-8 sampler: SOA-Request 
2015/05/08 21:53:04 WARN  - jmeter.util.JMeterUtils: Interrupted in thread Number of Users 1-8 java.lang.InterruptedException
	at java.lang.Object.wait(Native Method)
	at java.lang.Object.wait(Object.java:502)
	at java.awt.EventQueue.invokeAndWait(EventQueue.java:1306)
	at java.awt.EventQueue.invokeAndWait(EventQueue.java:1287)
	at javax.swing.SwingUtilities.invokeAndWait(SwingUtilities.java:1348)
	at org.apache.jmeter.util.JMeterUtils.runSafe(JMeterUtils.java:1322)
	at org.apache.jmeter.visualizers.StatGraphVisualizer.add(StatGraphVisualizer.java:365)
	at org.apache.jmeter.reporters.ResultCollector.sendToVisualizer(ResultCollector.java:595)
	at org.apache.jmeter.reporters.ResultCollector.sampleOccurred(ResultCollector.java:571)
	at org.apache.jmeter.threads.ListenerNotifier.notifyListeners(ListenerNotifier.java:84)
	at org.apache.jmeter.threads.JMeterThread.notifyListeners(JMeterThread.java:796)
	at org.apache.jmeter.threads.JMeterThread.process_sampler(JMeterThread.java:456)
	at org.apache.jmeter.threads.JMeterThread.run(JMeterThread.java:261)
	at java.lang.Thread.run(Thread.java:745)

2015/05/08 21:53:04 INFO  - jmeter.threads.JMeterThread: Thread finished: Number of Users 1-8 
2015/05/08 21:53:04 INFO  - jmeter.engine.StandardJMeterEngine: Notifying test listeners of end of test 
2015/05/08 21:53:04 INFO  - jmeter.gui.util.JMeterMenuBar: setRunning(false,*local*) 
2015/05/08 21:53:07 INFO  - jmeter.engine.StandardJMeterEngine: Running the test! 
2015/05/08 21:53:07 INFO  - jmeter.samplers.SampleEvent: List of sample_variables: [] 
2015/05/08 21:53:07 INFO  - jmeter.gui.util.JMeterMenuBar: setRunning(true,*local*) 
2015/05/08 21:53:07 INFO  - jmeter.engine.StandardJMeterEngine: Starting ThreadGroup: 1 : Number of Users 
2015/05/08 21:53:07 INFO  - jmeter.engine.StandardJMeterEngine: Starting 10 threads for group Number of Users. 
2015/05/08 21:53:07 INFO  - jmeter.engine.StandardJMeterEngine: Thread will continue on error 
2015/05/08 21:53:07 INFO  - jmeter.threads.ThreadGroup: Starting thread group number 1 threads 10 ramp-up 1 perThread 100.0 delayedStart=false 
2015/05/08 21:53:07 INFO  - jmeter.threads.JMeterThread: Thread started: Number of Users 1-1 
2015/05/08 21:53:07 INFO  - jmeter.threads.ThreadGroup: Started thread group number 1 
2015/05/08 21:53:07 INFO  - jmeter.engine.StandardJMeterEngine: All thread groups have been started 
2015/05/08 21:53:07 INFO  - jmeter.threads.JMeterThread: Thread started: Number of Users 1-2 
2015/05/08 21:53:07 INFO  - jmeter.threads.JMeterThread: Thread started: Number of Users 1-3 
2015/05/08 21:53:07 INFO  - jmeter.threads.JMeterThread: Thread started: Number of Users 1-4 
2015/05/08 21:53:07 INFO  - jmeter.threads.JMeterThread: Thread started: Number of Users 1-5 
2015/05/08 21:53:08 INFO  - jmeter.threads.JMeterThread: Thread started: Number of Users 1-6 
2015/05/08 21:53:08 INFO  - jmeter.threads.JMeterThread: Thread started: Number of Users 1-7 
2015/05/08 21:53:08 INFO  - jmeter.threads.JMeterThread: Thread started: Number of Users 1-8 
2015/05/08 21:53:08 INFO  - jmeter.threads.JMeterThread: Thread started: Number of Users 1-9 
2015/05/08 21:53:08 INFO  - jmeter.threads.JMeterThread: Thread started: Number of Users 1-10 
2015/05/08 21:53:40 INFO  - jmeter.threads.JMeterThread: Thread is done: Number of Users 1-1 
2015/05/08 21:53:40 INFO  - jmeter.threads.JMeterThread: Thread finished: Number of Users 1-1 
2015/05/08 21:53:40 INFO  - jmeter.threads.JMeterThread: Thread is done: Number of Users 1-2 
2015/05/08 21:53:40 INFO  - jmeter.threads.JMeterThread: Thread finished: Number of Users 1-2 
2015/05/08 21:53:40 INFO  - jmeter.threads.JMeterThread: Thread is done: Number of Users 1-3 
2015/05/08 21:53:40 INFO  - jmeter.threads.JMeterThread: Thread finished: Number of Users 1-3 
2015/05/08 21:53:41 INFO  - jmeter.threads.JMeterThread: Thread is done: Number of Users 1-6 
2015/05/08 21:53:41 INFO  - jmeter.threads.JMeterThread: Thread finished: Number of Users 1-6 
2015/05/08 21:53:41 INFO  - jmeter.threads.JMeterThread: Thread is done: Number of Users 1-4 
2015/05/08 21:53:41 INFO  - jmeter.threads.JMeterThread: Thread finished: Number of Users 1-4 
2015/05/08 21:53:41 INFO  - jmeter.threads.JMeterThread: Thread is done: Number of Users 1-8 
2015/05/08 21:53:41 INFO  - jmeter.threads.JMeterThread: Thread finished: Number of Users 1-8 
2015/05/08 21:53:41 INFO  - jmeter.threads.JMeterThread: Thread is done: Number of Users 1-5 
2015/05/08 21:53:41 INFO  - jmeter.threads.JMeterThread: Thread finished: Number of Users 1-5 
2015/05/08 21:53:41 INFO  - jmeter.threads.JMeterThread: Thread is done: Number of Users 1-9 
2015/05/08 21:53:41 INFO  - jmeter.threads.JMeterThread: Thread finished: Number of Users 1-9 
2015/05/08 21:53:41 INFO  - jmeter.threads.JMeterThread: Thread is done: Number of Users 1-7 
2015/05/08 21:53:41 INFO  - jmeter.threads.JMeterThread: Thread finished: Number of Users 1-7 
2015/05/08 21:53:41 INFO  - jmeter.threads.JMeterThread: Thread is done: Number of Users 1-10 
2015/05/08 21:53:41 INFO  - jmeter.threads.JMeterThread: Thread finished: Number of Users 1-10 
2015/05/08 21:53:41 INFO  - jmeter.engine.StandardJMeterEngine: Notifying test listeners of end of test 
2015/05/08 21:53:41 INFO  - jmeter.gui.util.JMeterMenuBar: setRunning(false,*local*) 
2015/05/08 21:55:07 ERROR - jmeter.JMeter: Uncaught exception:  java.lang.NumberFormatException: For input string: "0,4"
	at java.lang.NumberFormatException.forInputString(NumberFormatException.java:65)
	at java.lang.Integer.parseInt(Integer.java:580)
	at java.lang.Integer.parseInt(Integer.java:615)
	at org.apache.jmeter.visualizers.StatGraphVisualizer.makeGraph(StatGraphVisualizer.java:486)
	at org.apache.jmeter.visualizers.StatGraphVisualizer.actionMakeGraph(StatGraphVisualizer.java:729)
	at org.apache.jmeter.visualizers.StatGraphVisualizer.actionPerformed(StatGraphVisualizer.java:624)
	at javax.swing.AbstractButton.fireActionPerformed(AbstractButton.java:2022)
	at javax.swing.AbstractButton$Handler.actionPerformed(AbstractButton.java:2346)
	at javax.swing.DefaultButtonModel.fireActionPerformed(DefaultButtonModel.java:402)
	at javax.swing.DefaultButtonModel.setPressed(DefaultButtonModel.java:259)
	at javax.swing.plaf.basic.BasicButtonListener.mouseReleased(BasicButtonListener.java:252)
	at java.awt.Component.processMouseEvent(Component.java:6525)
	at javax.swing.JComponent.processMouseEvent(JComponent.java:3324)
	at java.awt.Component.processEvent(Component.java:6290)
	at java.awt.Container.processEvent(Container.java:2234)
	at java.awt.Component.dispatchEventImpl(Component.java:4881)
	at java.awt.Container.dispatchEventImpl(Container.java:2292)
	at java.awt.Component.dispatchEvent(Component.java:4703)
	at java.awt.LightweightDispatcher.retargetMouseEvent(Container.java:4898)
	at java.awt.LightweightDispatcher.processMouseEvent(Container.java:4533)
	at java.awt.LightweightDispatcher.dispatchEvent(Container.java:4462)
	at java.awt.Container.dispatchEventImpl(Container.java:2278)
	at java.awt.Window.dispatchEventImpl(Window.java:2750)
	at java.awt.Component.dispatchEvent(Component.java:4703)
	at java.awt.EventQueue.dispatchEventImpl(EventQueue.java:751)
	at java.awt.EventQueue.access$500(EventQueue.java:97)
	at java.awt.EventQueue$3.run(EventQueue.java:702)
	at java.awt.EventQueue$3.run(EventQueue.java:696)
	at java.security.AccessController.doPrivileged(Native Method)
	at java.security.ProtectionDomain$1.doIntersectionPrivilege(ProtectionDomain.java:75)
	at java.security.ProtectionDomain$1.doIntersectionPrivilege(ProtectionDomain.java:86)
	at java.awt.EventQueue$4.run(EventQueue.java:724)
	at java.awt.EventQueue$4.run(EventQueue.java:722)
	at java.security.AccessController.doPrivileged(Native Method)
	at java.security.ProtectionDomain$1.doIntersectionPrivilege(ProtectionDomain.java:75)
	at java.awt.EventQueue.dispatchEvent(EventQueue.java:721)
	at java.awt.EventDispatchThread.pumpOneEventForFilters(EventDispatchThread.java:201)
	at java.awt.EventDispatchThread.pumpEventsForFilter(EventDispatchThread.java:116)
	at java.awt.EventDispatchThread.pumpEventsForHierarchy(EventDispatchThread.java:105)
	at java.awt.EventDispatchThread.pumpEvents(EventDispatchThread.java:101)
	at java.awt.EventDispatchThread.pumpEvents(EventDispatchThread.java:93)
	at java.awt.EventDispatchThread.run(EventDispatchThread.java:82)

2015/05/08 21:55:09 ERROR - jmeter.JMeter: Uncaught exception:  java.lang.NumberFormatException: For input string: "0,4"
	at java.lang.NumberFormatException.forInputString(NumberFormatException.java:65)
	at java.lang.Integer.parseInt(Integer.java:580)
	at java.lang.Integer.parseInt(Integer.java:615)
	at org.apache.jmeter.visualizers.StatGraphVisualizer.makeGraph(StatGraphVisualizer.java:486)
	at org.apache.jmeter.visualizers.StatGraphVisualizer.actionMakeGraph(StatGraphVisualizer.java:729)
	at org.apache.jmeter.visualizers.StatGraphVisualizer.actionPerformed(StatGraphVisualizer.java:624)
	at javax.swing.AbstractButton.fireActionPerformed(AbstractButton.java:2022)
	at javax.swing.AbstractButton$Handler.actionPerformed(AbstractButton.java:2346)
	at javax.swing.DefaultButtonModel.fireActionPerformed(DefaultButtonModel.java:402)
	at javax.swing.DefaultButtonModel.setPressed(DefaultButtonModel.java:259)
	at javax.swing.plaf.basic.BasicButtonListener.mouseReleased(BasicButtonListener.java:252)
	at java.awt.Component.processMouseEvent(Component.java:6525)
	at javax.swing.JComponent.processMouseEvent(JComponent.java:3324)
	at java.awt.Component.processEvent(Component.java:6290)
	at java.awt.Container.processEvent(Container.java:2234)
	at java.awt.Component.dispatchEventImpl(Component.java:4881)
	at java.awt.Container.dispatchEventImpl(Container.java:2292)
	at java.awt.Component.dispatchEvent(Component.java:4703)
	at java.awt.LightweightDispatcher.retargetMouseEvent(Container.java:4898)
	at java.awt.LightweightDispatcher.processMouseEvent(Container.java:4533)
	at java.awt.LightweightDispatcher.dispatchEvent(Container.java:4462)
	at java.awt.Container.dispatchEventImpl(Container.java:2278)
	at java.awt.Window.dispatchEventImpl(Window.java:2750)
	at java.awt.Component.dispatchEvent(Component.java:4703)
	at java.awt.EventQueue.dispatchEventImpl(EventQueue.java:751)
	at java.awt.EventQueue.access$500(EventQueue.java:97)
	at java.awt.EventQueue$3.run(EventQueue.java:702)
	at java.awt.EventQueue$3.run(EventQueue.java:696)
	at java.security.AccessController.doPrivileged(Native Method)
	at java.security.ProtectionDomain$1.doIntersectionPrivilege(ProtectionDomain.java:75)
	at java.security.ProtectionDomain$1.doIntersectionPrivilege(ProtectionDomain.java:86)
	at java.awt.EventQueue$4.run(EventQueue.java:724)
	at java.awt.EventQueue$4.run(EventQueue.java:722)
	at java.security.AccessController.doPrivileged(Native Method)
	at java.security.ProtectionDomain$1.doIntersectionPrivilege(ProtectionDomain.java:75)
	at java.awt.EventQueue.dispatchEvent(EventQueue.java:721)
	at java.awt.EventDispatchThread.pumpOneEventForFilters(EventDispatchThread.java:201)
	at java.awt.EventDispatchThread.pumpEventsForFilter(EventDispatchThread.java:116)
	at java.awt.EventDispatchThread.pumpEventsForHierarchy(EventDispatchThread.java:105)
	at java.awt.EventDispatchThread.pumpEvents(EventDispatchThread.java:101)
	at java.awt.EventDispatchThread.pumpEvents(EventDispatchThread.java:93)
	at java.awt.EventDispatchThread.run(EventDispatchThread.java:82)

2015/05/08 21:55:10 ERROR - jmeter.JMeter: Uncaught exception:  java.lang.NumberFormatException: For input string: "0,4"
	at java.lang.NumberFormatException.forInputString(NumberFormatException.java:65)
	at java.lang.Integer.parseInt(Integer.java:580)
	at java.lang.Integer.parseInt(Integer.java:615)
	at org.apache.jmeter.visualizers.StatGraphVisualizer.makeGraph(StatGraphVisualizer.java:486)
	at org.apache.jmeter.visualizers.StatGraphVisualizer.actionMakeGraph(StatGraphVisualizer.java:729)
	at org.apache.jmeter.visualizers.StatGraphVisualizer.actionPerformed(StatGraphVisualizer.java:624)
	at javax.swing.AbstractButton.fireActionPerformed(AbstractButton.java:2022)
	at javax.swing.AbstractButton$Handler.actionPerformed(AbstractButton.java:2346)
	at javax.swing.DefaultButtonModel.fireActionPerformed(DefaultButtonModel.java:402)
	at javax.swing.DefaultButtonModel.setPressed(DefaultButtonModel.java:259)
	at javax.swing.plaf.basic.BasicButtonListener.mouseReleased(BasicButtonListener.java:252)
	at java.awt.Component.processMouseEvent(Component.java:6525)
	at javax.swing.JComponent.processMouseEvent(JComponent.java:3324)
	at java.awt.Component.processEvent(Component.java:6290)
	at java.awt.Container.processEvent(Container.java:2234)
	at java.awt.Component.dispatchEventImpl(Component.java:4881)
	at java.awt.Container.dispatchEventImpl(Container.java:2292)
	at java.awt.Component.dispatchEvent(Component.java:4703)
	at java.awt.LightweightDispatcher.retargetMouseEvent(Container.java:4898)
	at java.awt.LightweightDispatcher.processMouseEvent(Container.java:4533)
	at java.awt.LightweightDispatcher.dispatchEvent(Container.java:4462)
	at java.awt.Container.dispatchEventImpl(Container.java:2278)
	at java.awt.Window.dispatchEventImpl(Window.java:2750)
	at java.awt.Component.dispatchEvent(Component.java:4703)
	at java.awt.EventQueue.dispatchEventImpl(EventQueue.java:751)
	at java.awt.EventQueue.access$500(EventQueue.java:97)
	at java.awt.EventQueue$3.run(EventQueue.java:702)
	at java.awt.EventQueue$3.run(EventQueue.java:696)
	at java.security.AccessController.doPrivileged(Native Method)
	at java.security.ProtectionDomain$1.doIntersectionPrivilege(ProtectionDomain.java:75)
	at java.security.ProtectionDomain$1.doIntersectionPrivilege(ProtectionDomain.java:86)
	at java.awt.EventQueue$4.run(EventQueue.java:724)
	at java.awt.EventQueue$4.run(EventQueue.java:722)
	at java.security.AccessController.doPrivileged(Native Method)
	at java.security.ProtectionDomain$1.doIntersectionPrivilege(ProtectionDomain.java:75)
	at java.awt.EventQueue.dispatchEvent(EventQueue.java:721)
	at java.awt.EventDispatchThread.pumpOneEventForFilters(EventDispatchThread.java:201)
	at java.awt.EventDispatchThread.pumpEventsForFilter(EventDispatchThread.java:116)
	at java.awt.EventDispatchThread.pumpEventsForHierarchy(EventDispatchThread.java:105)
	at java.awt.EventDispatchThread.pumpEvents(EventDispatchThread.java:101)
	at java.awt.EventDispatchThread.pumpEvents(EventDispatchThread.java:93)
	at java.awt.EventDispatchThread.run(EventDispatchThread.java:82)

2015/05/08 21:55:16 ERROR - jmeter.JMeter: Uncaught exception:  java.lang.NumberFormatException: For input string: "0.4"
	at java.lang.NumberFormatException.forInputString(NumberFormatException.java:65)
	at java.lang.Integer.parseInt(Integer.java:580)
	at java.lang.Integer.parseInt(Integer.java:615)
	at org.apache.jmeter.visualizers.StatGraphVisualizer.makeGraph(StatGraphVisualizer.java:486)
	at org.apache.jmeter.visualizers.StatGraphVisualizer.actionMakeGraph(StatGraphVisualizer.java:729)
	at org.apache.jmeter.visualizers.StatGraphVisualizer.actionPerformed(StatGraphVisualizer.java:624)
	at javax.swing.AbstractButton.fireActionPerformed(AbstractButton.java:2022)
	at javax.swing.AbstractButton$Handler.actionPerformed(AbstractButton.java:2346)
	at javax.swing.DefaultButtonModel.fireActionPerformed(DefaultButtonModel.java:402)
	at javax.swing.DefaultButtonModel.setPressed(DefaultButtonModel.java:259)
	at javax.swing.plaf.basic.BasicButtonListener.mouseReleased(BasicButtonListener.java:252)
	at java.awt.Component.processMouseEvent(Component.java:6525)
	at javax.swing.JComponent.processMouseEvent(JComponent.java:3324)
	at java.awt.Component.processEvent(Component.java:6290)
	at java.awt.Container.processEvent(Container.java:2234)
	at java.awt.Component.dispatchEventImpl(Component.java:4881)
	at java.awt.Container.dispatchEventImpl(Container.java:2292)
	at java.awt.Component.dispatchEvent(Component.java:4703)
	at java.awt.LightweightDispatcher.retargetMouseEvent(Container.java:4898)
	at java.awt.LightweightDispatcher.processMouseEvent(Container.java:4533)
	at java.awt.LightweightDispatcher.dispatchEvent(Container.java:4462)
	at java.awt.Container.dispatchEventImpl(Container.java:2278)
	at java.awt.Window.dispatchEventImpl(Window.java:2750)
	at java.awt.Component.dispatchEvent(Component.java:4703)
	at java.awt.EventQueue.dispatchEventImpl(EventQueue.java:751)
	at java.awt.EventQueue.access$500(EventQueue.java:97)
	at java.awt.EventQueue$3.run(EventQueue.java:702)
	at java.awt.EventQueue$3.run(EventQueue.java:696)
	at java.security.AccessController.doPrivileged(Native Method)
	at java.security.ProtectionDomain$1.doIntersectionPrivilege(ProtectionDomain.java:75)
	at java.security.ProtectionDomain$1.doIntersectionPrivilege(ProtectionDomain.java:86)
	at java.awt.EventQueue$4.run(EventQueue.java:724)
	at java.awt.EventQueue$4.run(EventQueue.java:722)
	at java.security.AccessController.doPrivileged(Native Method)
	at java.security.ProtectionDomain$1.doIntersectionPrivilege(ProtectionDomain.java:75)
	at java.awt.EventQueue.dispatchEvent(EventQueue.java:721)
	at java.awt.EventDispatchThread.pumpOneEventForFilters(EventDispatchThread.java:201)
	at java.awt.EventDispatchThread.pumpEventsForFilter(EventDispatchThread.java:116)
	at java.awt.EventDispatchThread.pumpEventsForHierarchy(EventDispatchThread.java:105)
	at java.awt.EventDispatchThread.pumpEvents(EventDispatchThread.java:101)
	at java.awt.EventDispatchThread.pumpEvents(EventDispatchThread.java:93)
	at java.awt.EventDispatchThread.run(EventDispatchThread.java:82)

2015/05/08 21:55:17 ERROR - jmeter.JMeter: Uncaught exception:  java.lang.NumberFormatException: For input string: "0.4"
	at java.lang.NumberFormatException.forInputString(NumberFormatException.java:65)
	at java.lang.Integer.parseInt(Integer.java:580)
	at java.lang.Integer.parseInt(Integer.java:615)
	at org.apache.jmeter.visualizers.StatGraphVisualizer.makeGraph(StatGraphVisualizer.java:486)
	at org.apache.jmeter.visualizers.StatGraphVisualizer.actionMakeGraph(StatGraphVisualizer.java:729)
	at org.apache.jmeter.visualizers.StatGraphVisualizer.actionPerformed(StatGraphVisualizer.java:624)
	at javax.swing.AbstractButton.fireActionPerformed(AbstractButton.java:2022)
	at javax.swing.AbstractButton$Handler.actionPerformed(AbstractButton.java:2346)
	at javax.swing.DefaultButtonModel.fireActionPerformed(DefaultButtonModel.java:402)
	at javax.swing.DefaultButtonModel.setPressed(DefaultButtonModel.java:259)
	at javax.swing.plaf.basic.BasicButtonListener.mouseReleased(BasicButtonListener.java:252)
	at java.awt.Component.processMouseEvent(Component.java:6525)
	at javax.swing.JComponent.processMouseEvent(JComponent.java:3324)
	at java.awt.Component.processEvent(Component.java:6290)
	at java.awt.Container.processEvent(Container.java:2234)
	at java.awt.Component.dispatchEventImpl(Component.java:4881)
	at java.awt.Container.dispatchEventImpl(Container.java:2292)
	at java.awt.Component.dispatchEvent(Component.java:4703)
	at java.awt.LightweightDispatcher.retargetMouseEvent(Container.java:4898)
	at java.awt.LightweightDispatcher.processMouseEvent(Container.java:4533)
	at java.awt.LightweightDispatcher.dispatchEvent(Container.java:4462)
	at java.awt.Container.dispatchEventImpl(Container.java:2278)
	at java.awt.Window.dispatchEventImpl(Window.java:2750)
	at java.awt.Component.dispatchEvent(Component.java:4703)
	at java.awt.EventQueue.dispatchEventImpl(EventQueue.java:751)
	at java.awt.EventQueue.access$500(EventQueue.java:97)
	at java.awt.EventQueue$3.run(EventQueue.java:702)
	at java.awt.EventQueue$3.run(EventQueue.java:696)
	at java.security.AccessController.doPrivileged(Native Method)
	at java.security.ProtectionDomain$1.doIntersectionPrivilege(ProtectionDomain.java:75)
	at java.security.ProtectionDomain$1.doIntersectionPrivilege(ProtectionDomain.java:86)
	at java.awt.EventQueue$4.run(EventQueue.java:724)
	at java.awt.EventQueue$4.run(EventQueue.java:722)
	at java.security.AccessController.doPrivileged(Native Method)
	at java.security.ProtectionDomain$1.doIntersectionPrivilege(ProtectionDomain.java:75)
	at java.awt.EventQueue.dispatchEvent(EventQueue.java:721)
	at java.awt.EventDispatchThread.pumpOneEventForFilters(EventDispatchThread.java:201)
	at java.awt.EventDispatchThread.pumpEventsForFilter(EventDispatchThread.java:116)
	at java.awt.EventDispatchThread.pumpEventsForHierarchy(EventDispatchThread.java:105)
	at java.awt.EventDispatchThread.pumpEvents(EventDispatchThread.java:101)
	at java.awt.EventDispatchThread.pumpEvents(EventDispatchThread.java:93)
	at java.awt.EventDispatchThread.run(EventDispatchThread.java:82)

2015/05/08 21:55:18 ERROR - jmeter.JMeter: Uncaught exception:  java.lang.NumberFormatException: For input string: "0.4"
	at java.lang.NumberFormatException.forInputString(NumberFormatException.java:65)
	at java.lang.Integer.parseInt(Integer.java:580)
	at java.lang.Integer.parseInt(Integer.java:615)
	at org.apache.jmeter.visualizers.StatGraphVisualizer.makeGraph(StatGraphVisualizer.java:486)
	at org.apache.jmeter.visualizers.StatGraphVisualizer.actionMakeGraph(StatGraphVisualizer.java:729)
	at org.apache.jmeter.visualizers.StatGraphVisualizer.access$400(StatGraphVisualizer.java:96)
	at org.apache.jmeter.visualizers.StatGraphVisualizer$2.stateChanged(StatGraphVisualizer.java:446)
	at javax.swing.JTabbedPane.fireStateChanged(JTabbedPane.java:416)
	at javax.swing.JTabbedPane$ModelListener.stateChanged(JTabbedPane.java:270)
	at javax.swing.DefaultSingleSelectionModel.fireStateChanged(DefaultSingleSelectionModel.java:132)
	at javax.swing.DefaultSingleSelectionModel.setSelectedIndex(DefaultSingleSelectionModel.java:67)
	at javax.swing.JTabbedPane.setSelectedIndexImpl(JTabbedPane.java:616)
	at javax.swing.JTabbedPane.setSelectedIndex(JTabbedPane.java:591)
	at javax.swing.plaf.basic.BasicTabbedPaneUI$Handler.mousePressed(BasicTabbedPaneUI.java:3647)
	at java.awt.Component.processMouseEvent(Component.java:6522)
	at javax.swing.JComponent.processMouseEvent(JComponent.java:3324)
	at java.awt.Component.processEvent(Component.java:6290)
	at java.awt.Container.processEvent(Container.java:2234)
	at java.awt.Component.dispatchEventImpl(Component.java:4881)
	at java.awt.Container.dispatchEventImpl(Container.java:2292)
	at java.awt.Component.dispatchEvent(Component.java:4703)
	at java.awt.LightweightDispatcher.retargetMouseEvent(Container.java:4898)
	at java.awt.LightweightDispatcher.processMouseEvent(Container.java:4530)
	at java.awt.LightweightDispatcher.dispatchEvent(Container.java:4462)
	at java.awt.Container.dispatchEventImpl(Container.java:2278)
	at java.awt.Window.dispatchEventImpl(Window.java:2750)
	at java.awt.Component.dispatchEvent(Component.java:4703)
	at java.awt.EventQueue.dispatchEventImpl(EventQueue.java:751)
	at java.awt.EventQueue.access$500(EventQueue.java:97)
	at java.awt.EventQueue$3.run(EventQueue.java:702)
	at java.awt.EventQueue$3.run(EventQueue.java:696)
	at java.security.AccessController.doPrivileged(Native Method)
	at java.security.ProtectionDomain$1.doIntersectionPrivilege(ProtectionDomain.java:75)
	at java.security.ProtectionDomain$1.doIntersectionPrivilege(ProtectionDomain.java:86)
	at java.awt.EventQueue$4.run(EventQueue.java:724)
	at java.awt.EventQueue$4.run(EventQueue.java:722)
	at java.security.AccessController.doPrivileged(Native Method)
	at java.security.ProtectionDomain$1.doIntersectionPrivilege(ProtectionDomain.java:75)
	at java.awt.EventQueue.dispatchEvent(EventQueue.java:721)
	at java.awt.EventDispatchThread.pumpOneEventForFilters(EventDispatchThread.java:201)
	at java.awt.EventDispatchThread.pumpEventsForFilter(EventDispatchThread.java:116)
	at java.awt.EventDispatchThread.pumpEventsForHierarchy(EventDispatchThread.java:105)
	at java.awt.EventDispatchThread.pumpEvents(EventDispatchThread.java:101)
	at java.awt.EventDispatchThread.pumpEvents(EventDispatchThread.java:93)
	at java.awt.EventDispatchThread.run(EventDispatchThread.java:82)

2015/05/08 21:55:51 INFO  - jmeter.engine.StandardJMeterEngine: Running the test! 
2015/05/08 21:55:51 INFO  - jmeter.samplers.SampleEvent: List of sample_variables: [] 
2015/05/08 21:55:51 INFO  - jmeter.gui.util.JMeterMenuBar: setRunning(true,*local*) 
2015/05/08 21:55:51 INFO  - jmeter.engine.StandardJMeterEngine: Starting ThreadGroup: 1 : Number of Users 
2015/05/08 21:55:51 INFO  - jmeter.engine.StandardJMeterEngine: Starting 10 threads for group Number of Users. 
2015/05/08 21:55:51 INFO  - jmeter.engine.StandardJMeterEngine: Thread will continue on error 
2015/05/08 21:55:51 INFO  - jmeter.threads.ThreadGroup: Starting thread group number 1 threads 10 ramp-up 1 perThread 100.0 delayedStart=false 
2015/05/08 21:55:51 INFO  - jmeter.threads.JMeterThread: Thread started: Number of Users 1-1 
2015/05/08 21:55:51 INFO  - jmeter.threads.ThreadGroup: Started thread group number 1 
2015/05/08 21:55:51 INFO  - jmeter.engine.StandardJMeterEngine: All thread groups have been started 
2015/05/08 21:55:52 INFO  - jmeter.threads.JMeterThread: Thread started: Number of Users 1-2 
2015/05/08 21:55:52 INFO  - jmeter.threads.JMeterThread: Thread started: Number of Users 1-3 
2015/05/08 21:55:52 INFO  - jmeter.threads.JMeterThread: Thread started: Number of Users 1-4 
2015/05/08 21:55:52 INFO  - jmeter.threads.JMeterThread: Thread started: Number of Users 1-5 
2015/05/08 21:55:52 INFO  - jmeter.threads.JMeterThread: Thread started: Number of Users 1-6 
2015/05/08 21:55:52 INFO  - jmeter.threads.JMeterThread: Thread started: Number of Users 1-7 
2015/05/08 21:55:52 INFO  - jmeter.threads.JMeterThread: Thread started: Number of Users 1-8 
2015/05/08 21:55:52 INFO  - jmeter.threads.JMeterThread: Thread started: Number of Users 1-9 
2015/05/08 21:55:52 INFO  - jmeter.threads.JMeterThread: Thread started: Number of Users 1-10 
2015/05/08 21:56:23 INFO  - jmeter.threads.JMeterThread: Thread is done: Number of Users 1-1 
2015/05/08 21:56:23 INFO  - jmeter.threads.JMeterThread: Thread finished: Number of Users 1-1 
2015/05/08 21:56:24 INFO  - jmeter.threads.JMeterThread: Thread is done: Number of Users 1-6 
2015/05/08 21:56:24 INFO  - jmeter.threads.JMeterThread: Thread finished: Number of Users 1-6 
2015/05/08 21:56:24 INFO  - jmeter.threads.JMeterThread: Thread is done: Number of Users 1-2 
2015/05/08 21:56:24 INFO  - jmeter.threads.JMeterThread: Thread finished: Number of Users 1-2 
2015/05/08 21:56:24 INFO  - jmeter.threads.JMeterThread: Thread is done: Number of Users 1-4 
2015/05/08 21:56:24 INFO  - jmeter.threads.JMeterThread: Thread finished: Number of Users 1-4 
2015/05/08 21:56:24 INFO  - jmeter.threads.JMeterThread: Thread is done: Number of Users 1-3 
2015/05/08 21:56:24 INFO  - jmeter.threads.JMeterThread: Thread finished: Number of Users 1-3 
2015/05/08 21:56:24 INFO  - jmeter.threads.JMeterThread: Thread is done: Number of Users 1-10 
2015/05/08 21:56:24 INFO  - jmeter.threads.JMeterThread: Thread finished: Number of Users 1-10 
2015/05/08 21:56:25 INFO  - jmeter.threads.JMeterThread: Thread is done: Number of Users 1-5 
2015/05/08 21:56:25 INFO  - jmeter.threads.JMeterThread: Thread finished: Number of Users 1-5 
2015/05/08 21:56:25 INFO  - jmeter.threads.JMeterThread: Thread is done: Number of Users 1-9 
2015/05/08 21:56:25 INFO  - jmeter.threads.JMeterThread: Thread finished: Number of Users 1-9 
2015/05/08 21:56:25 INFO  - jmeter.threads.JMeterThread: Thread is done: Number of Users 1-8 
2015/05/08 21:56:25 INFO  - jmeter.threads.JMeterThread: Thread finished: Number of Users 1-8 
2015/05/08 21:56:25 INFO  - jmeter.threads.JMeterThread: Thread is done: Number of Users 1-7 
2015/05/08 21:56:25 INFO  - jmeter.threads.JMeterThread: Thread finished: Number of Users 1-7 
2015/05/08 21:56:25 INFO  - jmeter.engine.StandardJMeterEngine: Notifying test listeners of end of test 
2015/05/08 21:56:25 INFO  - jmeter.gui.util.JMeterMenuBar: setRunning(false,*local*) 
2015/05/08 21:56:39 INFO  - jmeter.engine.StandardJMeterEngine: Running the test! 
2015/05/08 21:56:39 INFO  - jmeter.samplers.SampleEvent: List of sample_variables: [] 
2015/05/08 21:56:39 INFO  - jmeter.gui.util.JMeterMenuBar: setRunning(true,*local*) 
2015/05/08 21:56:39 INFO  - jmeter.engine.StandardJMeterEngine: Starting ThreadGroup: 1 : Number of Users 
2015/05/08 21:56:39 INFO  - jmeter.engine.StandardJMeterEngine: Starting 10 threads for group Number of Users. 
2015/05/08 21:56:39 INFO  - jmeter.engine.StandardJMeterEngine: Thread will continue on error 
2015/05/08 21:56:39 INFO  - jmeter.threads.ThreadGroup: Starting thread group number 1 threads 10 ramp-up 1 perThread 100.0 delayedStart=false 
2015/05/08 21:56:39 INFO  - jmeter.threads.JMeterThread: Thread started: Number of Users 1-1 
2015/05/08 21:56:39 INFO  - jmeter.threads.ThreadGroup: Started thread group number 1 
2015/05/08 21:56:39 INFO  - jmeter.engine.StandardJMeterEngine: All thread groups have been started 
2015/05/08 21:56:39 INFO  - jmeter.threads.JMeterThread: Thread started: Number of Users 1-2 
2015/05/08 21:56:39 INFO  - jmeter.threads.JMeterThread: Thread started: Number of Users 1-3 
2015/05/08 21:56:39 INFO  - jmeter.threads.JMeterThread: Thread started: Number of Users 1-4 
2015/05/08 21:56:39 INFO  - jmeter.threads.JMeterThread: Thread started: Number of Users 1-5 
2015/05/08 21:56:39 INFO  - jmeter.threads.JMeterThread: Thread started: Number of Users 1-6 
2015/05/08 21:56:39 INFO  - jmeter.threads.JMeterThread: Thread started: Number of Users 1-7 
2015/05/08 21:56:40 INFO  - jmeter.threads.JMeterThread: Thread started: Number of Users 1-8 
2015/05/08 21:56:40 INFO  - jmeter.threads.JMeterThread: Thread started: Number of Users 1-9 
2015/05/08 21:56:40 INFO  - jmeter.threads.JMeterThread: Thread started: Number of Users 1-10 
2015/05/08 21:57:08 INFO  - jmeter.threads.JMeterThread: Thread is done: Number of Users 1-2 
2015/05/08 21:57:08 INFO  - jmeter.threads.JMeterThread: Thread finished: Number of Users 1-2 
2015/05/08 21:57:08 INFO  - jmeter.threads.JMeterThread: Thread is done: Number of Users 1-3 
2015/05/08 21:57:08 INFO  - jmeter.threads.JMeterThread: Thread finished: Number of Users 1-3 
2015/05/08 21:57:08 INFO  - jmeter.threads.JMeterThread: Thread is done: Number of Users 1-1 
2015/05/08 21:57:08 INFO  - jmeter.threads.JMeterThread: Thread finished: Number of Users 1-1 
2015/05/08 21:57:08 INFO  - jmeter.threads.JMeterThread: Thread is done: Number of Users 1-6 
2015/05/08 21:57:08 INFO  - jmeter.threads.JMeterThread: Thread finished: Number of Users 1-6 
2015/05/08 21:57:08 INFO  - jmeter.threads.JMeterThread: Thread is done: Number of Users 1-5 
2015/05/08 21:57:08 INFO  - jmeter.threads.JMeterThread: Thread finished: Number of Users 1-5 
2015/05/08 21:57:09 INFO  - jmeter.threads.JMeterThread: Thread is done: Number of Users 1-4 
2015/05/08 21:57:09 INFO  - jmeter.threads.JMeterThread: Thread finished: Number of Users 1-4 
2015/05/08 21:57:09 INFO  - jmeter.threads.JMeterThread: Thread is done: Number of Users 1-10 
2015/05/08 21:57:09 INFO  - jmeter.threads.JMeterThread: Thread finished: Number of Users 1-10 
2015/05/08 21:57:09 INFO  - jmeter.threads.JMeterThread: Thread is done: Number of Users 1-7 
2015/05/08 21:57:09 INFO  - jmeter.threads.JMeterThread: Thread finished: Number of Users 1-7 
2015/05/08 21:57:09 INFO  - jmeter.threads.JMeterThread: Thread is done: Number of Users 1-8 
2015/05/08 21:57:09 INFO  - jmeter.threads.JMeterThread: Thread finished: Number of Users 1-8 
2015/05/08 21:57:09 INFO  - jmeter.threads.JMeterThread: Thread is done: Number of Users 1-9 
2015/05/08 21:57:09 INFO  - jmeter.threads.JMeterThread: Thread finished: Number of Users 1-9 
2015/05/08 21:57:09 INFO  - jmeter.engine.StandardJMeterEngine: Notifying test listeners of end of test 
2015/05/08 21:57:09 INFO  - jmeter.gui.util.JMeterMenuBar: setRunning(false,*local*) 
2015/05/08 21:58:15 INFO  - jmeter.engine.StandardJMeterEngine: Running the test! 
2015/05/08 21:58:15 INFO  - jmeter.samplers.SampleEvent: List of sample_variables: [] 
2015/05/08 21:58:15 INFO  - jmeter.gui.util.JMeterMenuBar: setRunning(true,*local*) 
2015/05/08 21:58:16 INFO  - jmeter.engine.StandardJMeterEngine: Starting ThreadGroup: 1 : Number of Users 
2015/05/08 21:58:16 INFO  - jmeter.engine.StandardJMeterEngine: Starting 1 threads for group Number of Users. 
2015/05/08 21:58:16 INFO  - jmeter.engine.StandardJMeterEngine: Thread will continue on error 
2015/05/08 21:58:16 INFO  - jmeter.threads.ThreadGroup: Starting thread group number 1 threads 1 ramp-up 1 perThread 1000.0 delayedStart=false 
2015/05/08 21:58:16 INFO  - jmeter.threads.ThreadGroup: Started thread group number 1 
2015/05/08 21:58:16 INFO  - jmeter.engine.StandardJMeterEngine: All thread groups have been started 
2015/05/08 21:58:16 INFO  - jmeter.threads.JMeterThread: Thread started: Number of Users 1-1 
2015/05/08 21:59:05 INFO  - jmeter.threads.JMeterThread: Thread is done: Number of Users 1-1 
2015/05/08 21:59:05 INFO  - jmeter.threads.JMeterThread: Thread finished: Number of Users 1-1 
2015/05/08 21:59:05 INFO  - jmeter.engine.StandardJMeterEngine: Notifying test listeners of end of test 
2015/05/08 21:59:05 INFO  - jmeter.gui.util.JMeterMenuBar: setRunning(false,*local*) 
2015/05/08 21:59:27 INFO  - jmeter.engine.StandardJMeterEngine: Running the test! 
2015/05/08 21:59:27 INFO  - jmeter.samplers.SampleEvent: List of sample_variables: [] 
2015/05/08 21:59:27 INFO  - jmeter.gui.util.JMeterMenuBar: setRunning(true,*local*) 
2015/05/08 21:59:27 INFO  - jmeter.engine.StandardJMeterEngine: Starting ThreadGroup: 1 : Number of Users 
2015/05/08 21:59:27 INFO  - jmeter.engine.StandardJMeterEngine: Starting 1 threads for group Number of Users. 
2015/05/08 21:59:27 INFO  - jmeter.engine.StandardJMeterEngine: Thread will continue on error 
2015/05/08 21:59:27 INFO  - jmeter.threads.ThreadGroup: Starting thread group number 1 threads 1 ramp-up 1 perThread 1000.0 delayedStart=false 
2015/05/08 21:59:27 INFO  - jmeter.threads.ThreadGroup: Started thread group number 1 
2015/05/08 21:59:27 INFO  - jmeter.engine.StandardJMeterEngine: All thread groups have been started 
2015/05/08 21:59:27 INFO  - jmeter.threads.JMeterThread: Thread started: Number of Users 1-1 
2015/05/08 22:00:22 INFO  - jmeter.threads.JMeterThread: Thread is done: Number of Users 1-1 
2015/05/08 22:00:22 INFO  - jmeter.threads.JMeterThread: Thread finished: Number of Users 1-1 
2015/05/08 22:00:22 INFO  - jmeter.engine.StandardJMeterEngine: Notifying test listeners of end of test 
2015/05/08 22:00:22 INFO  - jmeter.gui.util.JMeterMenuBar: setRunning(false,*local*) 
2015/05/08 22:00:46 INFO  - jmeter.engine.StandardJMeterEngine: Running the test! 
2015/05/08 22:00:46 INFO  - jmeter.samplers.SampleEvent: List of sample_variables: [] 
2015/05/08 22:00:46 INFO  - jmeter.gui.util.JMeterMenuBar: setRunning(true,*local*) 
2015/05/08 22:00:46 INFO  - jmeter.engine.StandardJMeterEngine: Starting ThreadGroup: 1 : Number of Users 
2015/05/08 22:00:46 INFO  - jmeter.engine.StandardJMeterEngine: Starting 1 threads for group Number of Users. 
2015/05/08 22:00:46 INFO  - jmeter.engine.StandardJMeterEngine: Thread will continue on error 
2015/05/08 22:00:46 INFO  - jmeter.threads.ThreadGroup: Starting thread group number 1 threads 1 ramp-up 1 perThread 1000.0 delayedStart=false 
2015/05/08 22:00:46 INFO  - jmeter.threads.ThreadGroup: Started thread group number 1 
2015/05/08 22:00:46 INFO  - jmeter.engine.StandardJMeterEngine: All thread groups have been started 
2015/05/08 22:00:46 INFO  - jmeter.threads.JMeterThread: Thread started: Number of Users 1-1 
2015/05/08 22:01:35 INFO  - jmeter.threads.JMeterThread: Thread is done: Number of Users 1-1 
2015/05/08 22:01:35 INFO  - jmeter.threads.JMeterThread: Thread finished: Number of Users 1-1 
2015/05/08 22:01:35 INFO  - jmeter.engine.StandardJMeterEngine: Notifying test listeners of end of test 
2015/05/08 22:01:35 INFO  - jmeter.gui.util.JMeterMenuBar: setRunning(false,*local*) 
